17:55:47.510 [main] DEBUG org.mybatis.spring.mapper.ClassPathMapperScanner - Identified candidate component class: file [C:\DevSpace\Spring_Space\bbb\target\classes\kr\jungang\dive\user\persistence\UserMapper.class]
17:55:47.536 [main] DEBUG org.mybatis.spring.mapper.ClassPathMapperScanner - Identified candidate component class: file [C:\DevSpace\Spring_Space\bbb\target\classes\kr\jungang\dive\board\persistence\PostMapper.class]
17:55:47.632 [main] DEBUG log4jdbc.debug - log4jdbc-logj2 properties initialization...
17:55:47.633 [main] DEBUG log4jdbc.debug - Using logger: null
17:55:47.633 [main] DEBUG log4jdbc.debug - x log4jdbc.debug.stack.prefix is not defined
17:55:47.633 [main] DEBUG log4jdbc.debug - x log4jdbc.sqltiming.warn.threshold is not defined
17:55:47.633 [main] DEBUG log4jdbc.debug - x log4jdbc.sqltiming.error.threshold is not defined
17:55:47.634 [main] DEBUG log4jdbc.debug - x log4jdbc.dump.booleanastruefalse is not defined (using default value false)
17:55:47.634 [main] DEBUG log4jdbc.debug - x log4jdbc.dump.sql.maxlinelength is not defined (using default of 90)
17:55:47.634 [main] DEBUG log4jdbc.debug - x log4jdbc.dump.fulldebugstacktrace is not defined (using default value false)
17:55:47.634 [main] DEBUG log4jdbc.debug - x log4jdbc.statement.warn is not defined (using default value false)
17:55:47.634 [main] DEBUG log4jdbc.debug - x log4jdbc.dump.sql.select is not defined (using default value true)
17:55:47.634 [main] DEBUG log4jdbc.debug - x log4jdbc.dump.sql.insert is not defined (using default value true)
17:55:47.634 [main] DEBUG log4jdbc.debug - x log4jdbc.dump.sql.update is not defined (using default value true)
17:55:47.635 [main] DEBUG log4jdbc.debug - x log4jdbc.dump.sql.delete is not defined (using default value true)
17:55:47.635 [main] DEBUG log4jdbc.debug - x log4jdbc.dump.sql.create is not defined (using default value true)
17:55:47.635 [main] DEBUG log4jdbc.debug - x log4jdbc.dump.sql.addsemicolon is not defined (using default value false)
17:55:47.635 [main] DEBUG log4jdbc.debug - x log4jdbc.auto.load.popular.drivers is not defined (using default value true)
17:55:47.635 [main] DEBUG log4jdbc.debug - x log4jdbc.drivers is not defined
17:55:47.635 [main] DEBUG log4jdbc.debug - x log4jdbc.trim.sql is not defined (using default value true)
17:55:47.635 [main] DEBUG log4jdbc.debug - x log4jdbc.trim.sql.extrablanklines is not defined (using default value true)
17:55:47.635 [main] DEBUG log4jdbc.debug - x log4jdbc.suppress.generated.keys.exception is not defined (using default value false)
17:55:47.636 [main] DEBUG log4jdbc.debug - log4jdbc-logj2 properties initialization done.
17:55:47.636 [main] DEBUG log4jdbc.debug - DriverSpy intialization...
17:55:47.707 [main] DEBUG log4jdbc.debug -   FOUND DRIVER oracle.jdbc.OracleDriver
17:55:47.707 [main] DEBUG log4jdbc.debug -   FOUND DRIVER oracle.jdbc.driver.OracleDriver
17:55:47.711 [main] DEBUG log4jdbc.debug - DriverSpy intialization done.
17:55:48.068 [main] INFO  log4jdbc.log4j2 -  com.zaxxer.hikari.util.DriverDataSource.getConnection(DriverDataSource.java:138)
1. Connection opened. {executed in 324ms} 
open connections:  1 (1)
17:55:48.070 [main] INFO  log4jdbc.log4j2 -  com.zaxxer.hikari.util.DriverDataSource.getConnection(DriverDataSource.java:138)
1. Connection.new Connection returned 
17:55:48.070 [main] INFO  log4jdbc.log4j2 -  com.zaxxer.hikari.pool.PoolBase.getAndSetNetworkTimeout(PoolBase.java:526)
1. Connection.getNetworkTimeout() returned 0
17:55:48.071 [main] INFO  log4jdbc.log4j2 -  com.zaxxer.hikari.pool.PoolBase.setupConnection(PoolBase.java:402)
1. Connection.isReadOnly() returned false
17:55:48.071 [main] INFO  log4jdbc.log4j2 -  com.zaxxer.hikari.pool.PoolBase.setupConnection(PoolBase.java:406)
1. Connection.getAutoCommit() returned true
17:55:48.082 [main] INFO  log4jdbc.log4j2 -  com.zaxxer.hikari.pool.PoolBase.checkValidationSupport(PoolBase.java:458)
1. Connection.isValid(1) returned true
17:55:48.083 [main] INFO  log4jdbc.log4j2 -  com.zaxxer.hikari.pool.PoolBase.checkDefaultIsolation(PoolBase.java:479)
1. Connection.getTransactionIsolation() returned 2
17:55:48.232 [HikariPool-1 connection adder] INFO  log4jdbc.log4j2 -  com.zaxxer.hikari.util.DriverDataSource.getConnection(DriverDataSource.java:138)
2. Connection opened. {executed in 40ms} 
open connections:  1 2 (2)
17:55:48.233 [HikariPool-1 connection adder] INFO  log4jdbc.log4j2 -  com.zaxxer.hikari.util.DriverDataSource.getConnection(DriverDataSource.java:138)
2. Connection.new Connection returned 
17:55:48.233 [HikariPool-1 connection adder] INFO  log4jdbc.log4j2 -  com.zaxxer.hikari.pool.PoolBase.setupConnection(PoolBase.java:402)
2. Connection.isReadOnly() returned false
17:55:48.233 [HikariPool-1 connection adder] INFO  log4jdbc.log4j2 -  com.zaxxer.hikari.pool.PoolBase.setupConnection(PoolBase.java:406)
2. Connection.getAutoCommit() returned true
17:55:48.256 [HikariPool-1 connection adder] INFO  log4jdbc.log4j2 -  com.zaxxer.hikari.util.DriverDataSource.getConnection(DriverDataSource.java:138)
3. Connection opened. {executed in 22ms} 
open connections:  1 2 3 (3)
17:55:48.256 [HikariPool-1 connection adder] INFO  log4jdbc.log4j2 -  com.zaxxer.hikari.util.DriverDataSource.getConnection(DriverDataSource.java:138)
3. Connection.new Connection returned 
17:55:48.256 [HikariPool-1 connection adder] INFO  log4jdbc.log4j2 -  com.zaxxer.hikari.pool.PoolBase.setupConnection(PoolBase.java:402)
3. Connection.isReadOnly() returned false
17:55:48.256 [HikariPool-1 connection adder] INFO  log4jdbc.log4j2 -  com.zaxxer.hikari.pool.PoolBase.setupConnection(PoolBase.java:406)
3. Connection.getAutoCommit() returned true
17:55:48.277 [HikariPool-1 connection adder] INFO  log4jdbc.log4j2 -  com.zaxxer.hikari.util.DriverDataSource.getConnection(DriverDataSource.java:138)
4. Connection opened. {executed in 20ms} 
open connections:  1 2 3 4 (4)
17:55:48.277 [HikariPool-1 connection adder] INFO  log4jdbc.log4j2 -  com.zaxxer.hikari.util.DriverDataSource.getConnection(DriverDataSource.java:138)
4. Connection.new Connection returned 
17:55:48.277 [HikariPool-1 connection adder] INFO  log4jdbc.log4j2 -  com.zaxxer.hikari.pool.PoolBase.setupConnection(PoolBase.java:402)
4. Connection.isReadOnly() returned false
17:55:48.277 [HikariPool-1 connection adder] INFO  log4jdbc.log4j2 -  com.zaxxer.hikari.pool.PoolBase.setupConnection(PoolBase.java:406)
4. Connection.getAutoCommit() returned true
17:55:48.296 [HikariPool-1 connection adder] INFO  log4jdbc.log4j2 -  com.zaxxer.hikari.util.DriverDataSource.getConnection(DriverDataSource.java:138)
5. Connection opened. {executed in 19ms} 
open connections:  1 2 3 4 5 (5)
17:55:48.296 [HikariPool-1 connection adder] INFO  log4jdbc.log4j2 -  com.zaxxer.hikari.util.DriverDataSource.getConnection(DriverDataSource.java:138)
5. Connection.new Connection returned 
17:55:48.296 [HikariPool-1 connection adder] INFO  log4jdbc.log4j2 -  com.zaxxer.hikari.pool.PoolBase.setupConnection(PoolBase.java:402)
5. Connection.isReadOnly() returned false
17:55:48.296 [HikariPool-1 connection adder] INFO  log4jdbc.log4j2 -  com.zaxxer.hikari.pool.PoolBase.setupConnection(PoolBase.java:406)
5. Connection.getAutoCommit() returned true
17:55:48.320 [HikariPool-1 connection adder] INFO  log4jdbc.log4j2 -  com.zaxxer.hikari.util.DriverDataSource.getConnection(DriverDataSource.java:138)
6. Connection opened. {executed in 24ms} 
open connections:  1 2 3 4 5 6 (6)
17:55:48.320 [HikariPool-1 connection adder] INFO  log4jdbc.log4j2 -  com.zaxxer.hikari.util.DriverDataSource.getConnection(DriverDataSource.java:138)
6. Connection.new Connection returned 
17:55:48.320 [HikariPool-1 connection adder] INFO  log4jdbc.log4j2 -  com.zaxxer.hikari.pool.PoolBase.setupConnection(PoolBase.java:402)
6. Connection.isReadOnly() returned false
17:55:48.320 [HikariPool-1 connection adder] INFO  log4jdbc.log4j2 -  com.zaxxer.hikari.pool.PoolBase.setupConnection(PoolBase.java:406)
6. Connection.getAutoCommit() returned true
17:55:48.340 [HikariPool-1 connection adder] INFO  log4jdbc.log4j2 -  com.zaxxer.hikari.util.DriverDataSource.getConnection(DriverDataSource.java:138)
7. Connection opened. {executed in 20ms} 
open connections:  1 2 3 4 5 6 7 (7)
17:55:48.342 [HikariPool-1 connection adder] INFO  log4jdbc.log4j2 -  com.zaxxer.hikari.util.DriverDataSource.getConnection(DriverDataSource.java:138)
7. Connection.new Connection returned 
17:55:48.343 [HikariPool-1 connection adder] INFO  log4jdbc.log4j2 -  com.zaxxer.hikari.pool.PoolBase.setupConnection(PoolBase.java:402)
7. Connection.isReadOnly() returned false
17:55:48.343 [HikariPool-1 connection adder] INFO  log4jdbc.log4j2 -  com.zaxxer.hikari.pool.PoolBase.setupConnection(PoolBase.java:406)
7. Connection.getAutoCommit() returned true
17:55:48.363 [HikariPool-1 connection adder] INFO  log4jdbc.log4j2 -  com.zaxxer.hikari.util.DriverDataSource.getConnection(DriverDataSource.java:138)
8. Connection opened. {executed in 20ms} 
open connections:  1 2 3 4 5 6 7 8 (8)
17:55:48.363 [HikariPool-1 connection adder] INFO  log4jdbc.log4j2 -  com.zaxxer.hikari.util.DriverDataSource.getConnection(DriverDataSource.java:138)
8. Connection.new Connection returned 
17:55:48.363 [HikariPool-1 connection adder] INFO  log4jdbc.log4j2 -  com.zaxxer.hikari.pool.PoolBase.setupConnection(PoolBase.java:402)
8. Connection.isReadOnly() returned false
17:55:48.363 [HikariPool-1 connection adder] INFO  log4jdbc.log4j2 -  com.zaxxer.hikari.pool.PoolBase.setupConnection(PoolBase.java:406)
8. Connection.getAutoCommit() returned true
17:55:48.382 [HikariPool-1 connection adder] INFO  log4jdbc.log4j2 -  com.zaxxer.hikari.util.DriverDataSource.getConnection(DriverDataSource.java:138)
9. Connection opened. {executed in 18ms} 
open connections:  1 2 3 4 5 6 7 8 9 (9)
17:55:48.382 [HikariPool-1 connection adder] INFO  log4jdbc.log4j2 -  com.zaxxer.hikari.util.DriverDataSource.getConnection(DriverDataSource.java:138)
9. Connection.new Connection returned 
17:55:48.382 [HikariPool-1 connection adder] INFO  log4jdbc.log4j2 -  com.zaxxer.hikari.pool.PoolBase.setupConnection(PoolBase.java:402)
9. Connection.isReadOnly() returned false
17:55:48.382 [HikariPool-1 connection adder] INFO  log4jdbc.log4j2 -  com.zaxxer.hikari.pool.PoolBase.setupConnection(PoolBase.java:406)
9. Connection.getAutoCommit() returned true
17:55:48.400 [HikariPool-1 connection adder] INFO  log4jdbc.log4j2 -  com.zaxxer.hikari.util.DriverDataSource.getConnection(DriverDataSource.java:138)
10. Connection opened. {executed in 18ms} 
open connections:  1 2 3 4 5 6 7 8 9 10 (10)
17:55:48.400 [HikariPool-1 connection adder] INFO  log4jdbc.log4j2 -  com.zaxxer.hikari.util.DriverDataSource.getConnection(DriverDataSource.java:138)
10. Connection.new Connection returned 
17:55:48.401 [HikariPool-1 connection adder] INFO  log4jdbc.log4j2 -  com.zaxxer.hikari.pool.PoolBase.setupConnection(PoolBase.java:402)
10. Connection.isReadOnly() returned false
17:55:48.401 [HikariPool-1 connection adder] INFO  log4jdbc.log4j2 -  com.zaxxer.hikari.pool.PoolBase.setupConnection(PoolBase.java:406)
10. Connection.getAutoCommit() returned true
17:55:48.870 [HikariPool-1 connection closer] INFO  log4jdbc.log4j2 -  com.zaxxer.hikari.pool.PoolBase.quietlyCloseConnection(PoolBase.java:143)
1. Connection closed. {executed in 3ms} 
open connections:  2 3 4 5 6 7 8 9 10 (9)
17:55:48.871 [HikariPool-1 connection closer] INFO  log4jdbc.log4j2 -  com.zaxxer.hikari.pool.PoolBase.quietlyCloseConnection(PoolBase.java:143)
1. Connection.close() returned 
17:55:48.902 [HikariPool-1 connection closer] INFO  log4jdbc.log4j2 -  com.zaxxer.hikari.pool.PoolBase.quietlyCloseConnection(PoolBase.java:143)
2. Connection closed. {executed in 31ms} 
open connections:  3 4 5 6 7 8 9 10 (8)
17:55:48.902 [HikariPool-1 connection closer] INFO  log4jdbc.log4j2 -  com.zaxxer.hikari.pool.PoolBase.quietlyCloseConnection(PoolBase.java:143)
2. Connection.close() returned 
17:55:48.922 [HikariPool-1 connection closer] INFO  log4jdbc.log4j2 -  com.zaxxer.hikari.pool.PoolBase.quietlyCloseConnection(PoolBase.java:143)
3. Connection closed. {executed in 20ms} 
open connections:  4 5 6 7 8 9 10 (7)
17:55:48.922 [HikariPool-1 connection closer] INFO  log4jdbc.log4j2 -  com.zaxxer.hikari.pool.PoolBase.quietlyCloseConnection(PoolBase.java:143)
3. Connection.close() returned 
17:55:48.938 [HikariPool-1 connection closer] INFO  log4jdbc.log4j2 -  com.zaxxer.hikari.pool.PoolBase.quietlyCloseConnection(PoolBase.java:143)
4. Connection closed. {executed in 16ms} 
open connections:  5 6 7 8 9 10 (6)
17:55:48.939 [HikariPool-1 connection closer] INFO  log4jdbc.log4j2 -  com.zaxxer.hikari.pool.PoolBase.quietlyCloseConnection(PoolBase.java:143)
4. Connection.close() returned 
17:55:48.977 [HikariPool-1 connection closer] INFO  log4jdbc.log4j2 -  com.zaxxer.hikari.pool.PoolBase.quietlyCloseConnection(PoolBase.java:143)
5. Connection closed. {executed in 38ms} 
open connections:  6 7 8 9 10 (5)
17:55:48.977 [HikariPool-1 connection closer] INFO  log4jdbc.log4j2 -  com.zaxxer.hikari.pool.PoolBase.quietlyCloseConnection(PoolBase.java:143)
5. Connection.close() returned 
17:55:49.010 [HikariPool-1 connection closer] INFO  log4jdbc.log4j2 -  com.zaxxer.hikari.pool.PoolBase.quietlyCloseConnection(PoolBase.java:143)
6. Connection closed. {executed in 32ms} 
open connections:  7 8 9 10 (4)
17:55:49.010 [HikariPool-1 connection closer] INFO  log4jdbc.log4j2 -  com.zaxxer.hikari.pool.PoolBase.quietlyCloseConnection(PoolBase.java:143)
6. Connection.close() returned 
17:55:49.031 [HikariPool-1 connection closer] INFO  log4jdbc.log4j2 -  com.zaxxer.hikari.pool.PoolBase.quietlyCloseConnection(PoolBase.java:143)
7. Connection closed. {executed in 20ms} 
open connections:  8 9 10 (3)
17:55:49.031 [HikariPool-1 connection closer] INFO  log4jdbc.log4j2 -  com.zaxxer.hikari.pool.PoolBase.quietlyCloseConnection(PoolBase.java:143)
7. Connection.close() returned 
17:55:49.048 [HikariPool-1 connection closer] INFO  log4jdbc.log4j2 -  com.zaxxer.hikari.pool.PoolBase.quietlyCloseConnection(PoolBase.java:143)
8. Connection closed. {executed in 17ms} 
open connections:  9 10 (2)
17:55:49.048 [HikariPool-1 connection closer] INFO  log4jdbc.log4j2 -  com.zaxxer.hikari.pool.PoolBase.quietlyCloseConnection(PoolBase.java:143)
8. Connection.close() returned 
17:55:49.065 [HikariPool-1 connection closer] INFO  log4jdbc.log4j2 -  com.zaxxer.hikari.pool.PoolBase.quietlyCloseConnection(PoolBase.java:143)
9. Connection closed. {executed in 17ms} 
open connections:  10 (1)
17:55:49.065 [HikariPool-1 connection closer] INFO  log4jdbc.log4j2 -  com.zaxxer.hikari.pool.PoolBase.quietlyCloseConnection(PoolBase.java:143)
9. Connection.close() returned 
17:55:49.081 [HikariPool-1 connection closer] INFO  log4jdbc.log4j2 -  com.zaxxer.hikari.pool.PoolBase.quietlyCloseConnection(PoolBase.java:143)
10. Connection closed. {executed in 16ms} 
open connections:  none
17:55:49.081 [HikariPool-1 connection closer] INFO  log4jdbc.log4j2 -  com.zaxxer.hikari.pool.PoolBase.quietlyCloseConnection(PoolBase.java:143)
10. Connection.close() returned 
