16:30:21.017 [main] DEBUG org.mybatis.spring.mapper.ClassPathMapperScanner - Identified candidate component class: file [C:\DevSpace\git\Project_DIVE\DIVE\target\classes\kr\jungang\dive\user\persistence\UserMapper.class]
16:30:21.051 [main] DEBUG org.mybatis.spring.mapper.ClassPathMapperScanner - Identified candidate component class: file [C:\DevSpace\git\Project_DIVE\DIVE\target\classes\kr\jungang\dive\board\persistence\PostMapper.class]
16:30:21.051 [main] DEBUG org.mybatis.spring.mapper.ClassPathMapperScanner - Identified candidate component class: file [C:\DevSpace\git\Project_DIVE\DIVE\target\classes\kr\jungang\dive\board\persistence\ReplyMapper.class]
16:30:21.055 [main] DEBUG org.mybatis.spring.mapper.ClassPathMapperScanner - Ignored because not a concrete top-level class: file [C:\DevSpace\git\Project_DIVE\DIVE\target\test-classes\kr\jungang\dive\product\persistence\ProductMapperTest.class]
16:30:21.056 [main] DEBUG org.mybatis.spring.mapper.ClassPathMapperScanner - Identified candidate component class: file [C:\DevSpace\git\Project_DIVE\DIVE\target\classes\kr\jungang\dive\product\persistence\ProductMapper.class]
16:30:21.058 [main] DEBUG org.mybatis.spring.mapper.ClassPathMapperScanner - Identified candidate component class: file [C:\DevSpace\git\Project_DIVE\DIVE\target\classes\kr\jungang\dive\framework\persistence\AttachMapper.class]
16:30:21.173 [main] DEBUG log4jdbc.debug - log4jdbc-logj2 properties initialization...
16:30:21.173 [main] DEBUG log4jdbc.debug - Using logger: null
16:30:21.173 [main] DEBUG log4jdbc.debug - x log4jdbc.debug.stack.prefix is not defined
16:30:21.173 [main] DEBUG log4jdbc.debug - x log4jdbc.sqltiming.warn.threshold is not defined
16:30:21.173 [main] DEBUG log4jdbc.debug - x log4jdbc.sqltiming.error.threshold is not defined
16:30:21.173 [main] DEBUG log4jdbc.debug - x log4jdbc.dump.booleanastruefalse is not defined (using default value false)
16:30:21.174 [main] DEBUG log4jdbc.debug - x log4jdbc.dump.sql.maxlinelength is not defined (using default of 90)
16:30:21.174 [main] DEBUG log4jdbc.debug - x log4jdbc.dump.fulldebugstacktrace is not defined (using default value false)
16:30:21.174 [main] DEBUG log4jdbc.debug - x log4jdbc.statement.warn is not defined (using default value false)
16:30:21.174 [main] DEBUG log4jdbc.debug - x log4jdbc.dump.sql.select is not defined (using default value true)
16:30:21.174 [main] DEBUG log4jdbc.debug - x log4jdbc.dump.sql.insert is not defined (using default value true)
16:30:21.174 [main] DEBUG log4jdbc.debug - x log4jdbc.dump.sql.update is not defined (using default value true)
16:30:21.174 [main] DEBUG log4jdbc.debug - x log4jdbc.dump.sql.delete is not defined (using default value true)
16:30:21.174 [main] DEBUG log4jdbc.debug - x log4jdbc.dump.sql.create is not defined (using default value true)
16:30:21.175 [main] DEBUG log4jdbc.debug - x log4jdbc.dump.sql.addsemicolon is not defined (using default value false)
16:30:21.175 [main] DEBUG log4jdbc.debug - x log4jdbc.auto.load.popular.drivers is not defined (using default value true)
16:30:21.175 [main] DEBUG log4jdbc.debug - x log4jdbc.drivers is not defined
16:30:21.175 [main] DEBUG log4jdbc.debug - x log4jdbc.trim.sql is not defined (using default value true)
16:30:21.175 [main] DEBUG log4jdbc.debug - x log4jdbc.trim.sql.extrablanklines is not defined (using default value true)
16:30:21.175 [main] DEBUG log4jdbc.debug - x log4jdbc.suppress.generated.keys.exception is not defined (using default value false)
16:30:21.175 [main] DEBUG log4jdbc.debug - log4jdbc-logj2 properties initialization done.
16:30:21.176 [main] DEBUG log4jdbc.debug - DriverSpy intialization...
16:30:21.270 [main] DEBUG log4jdbc.debug -   FOUND DRIVER oracle.jdbc.OracleDriver
16:30:21.271 [main] DEBUG log4jdbc.debug -   FOUND DRIVER oracle.jdbc.driver.OracleDriver
16:30:21.274 [main] DEBUG log4jdbc.debug - DriverSpy intialization done.
16:30:21.706 [main] INFO  log4jdbc.log4j2 -  com.zaxxer.hikari.util.DriverDataSource.getConnection(DriverDataSource.java:138)
1. Connection opened. {executed in 367ms} 
open connections:  1 (1)
16:30:21.707 [main] INFO  log4jdbc.log4j2 -  com.zaxxer.hikari.util.DriverDataSource.getConnection(DriverDataSource.java:138)
1. Connection.new Connection returned 
16:30:21.708 [main] INFO  log4jdbc.log4j2 -  com.zaxxer.hikari.pool.PoolBase.getAndSetNetworkTimeout(PoolBase.java:526)
1. Connection.getNetworkTimeout() returned 0
16:30:21.708 [main] INFO  log4jdbc.log4j2 -  com.zaxxer.hikari.pool.PoolBase.setupConnection(PoolBase.java:402)
1. Connection.isReadOnly() returned false
16:30:21.709 [main] INFO  log4jdbc.log4j2 -  com.zaxxer.hikari.pool.PoolBase.setupConnection(PoolBase.java:406)
1. Connection.getAutoCommit() returned true
16:30:21.725 [main] INFO  log4jdbc.log4j2 -  com.zaxxer.hikari.pool.PoolBase.checkValidationSupport(PoolBase.java:458)
1. Connection.isValid(1) returned true
16:30:21.726 [main] INFO  log4jdbc.log4j2 -  com.zaxxer.hikari.pool.PoolBase.checkDefaultIsolation(PoolBase.java:479)
1. Connection.getTransactionIsolation() returned 2
16:30:21.893 [HikariPool-1 connection adder] INFO  log4jdbc.log4j2 -  com.zaxxer.hikari.util.DriverDataSource.getConnection(DriverDataSource.java:138)
2. Connection opened. {executed in 43ms} 
open connections:  1 2 (2)
16:30:21.894 [HikariPool-1 connection adder] INFO  log4jdbc.log4j2 -  com.zaxxer.hikari.util.DriverDataSource.getConnection(DriverDataSource.java:138)
2. Connection.new Connection returned 
16:30:21.894 [HikariPool-1 connection adder] INFO  log4jdbc.log4j2 -  com.zaxxer.hikari.pool.PoolBase.setupConnection(PoolBase.java:402)
2. Connection.isReadOnly() returned false
16:30:21.894 [HikariPool-1 connection adder] INFO  log4jdbc.log4j2 -  com.zaxxer.hikari.pool.PoolBase.setupConnection(PoolBase.java:406)
2. Connection.getAutoCommit() returned true
16:30:21.922 [HikariPool-1 connection adder] INFO  log4jdbc.log4j2 -  com.zaxxer.hikari.util.DriverDataSource.getConnection(DriverDataSource.java:138)
3. Connection opened. {executed in 21ms} 
open connections:  1 2 3 (3)
16:30:21.922 [HikariPool-1 connection adder] INFO  log4jdbc.log4j2 -  com.zaxxer.hikari.util.DriverDataSource.getConnection(DriverDataSource.java:138)
3. Connection.new Connection returned 
16:30:21.922 [HikariPool-1 connection adder] INFO  log4jdbc.log4j2 -  com.zaxxer.hikari.pool.PoolBase.setupConnection(PoolBase.java:402)
3. Connection.isReadOnly() returned false
16:30:21.922 [HikariPool-1 connection adder] INFO  log4jdbc.log4j2 -  com.zaxxer.hikari.pool.PoolBase.setupConnection(PoolBase.java:406)
3. Connection.getAutoCommit() returned true
16:30:21.942 [HikariPool-1 connection adder] INFO  log4jdbc.log4j2 -  com.zaxxer.hikari.util.DriverDataSource.getConnection(DriverDataSource.java:138)
4. Connection opened. {executed in 20ms} 
open connections:  1 2 3 4 (4)
16:30:21.942 [HikariPool-1 connection adder] INFO  log4jdbc.log4j2 -  com.zaxxer.hikari.util.DriverDataSource.getConnection(DriverDataSource.java:138)
4. Connection.new Connection returned 
16:30:21.942 [HikariPool-1 connection adder] INFO  log4jdbc.log4j2 -  com.zaxxer.hikari.pool.PoolBase.setupConnection(PoolBase.java:402)
4. Connection.isReadOnly() returned false
16:30:21.942 [HikariPool-1 connection adder] INFO  log4jdbc.log4j2 -  com.zaxxer.hikari.pool.PoolBase.setupConnection(PoolBase.java:406)
4. Connection.getAutoCommit() returned true
16:30:21.965 [HikariPool-1 connection adder] INFO  log4jdbc.log4j2 -  com.zaxxer.hikari.util.DriverDataSource.getConnection(DriverDataSource.java:138)
5. Connection opened. {executed in 22ms} 
open connections:  1 2 3 4 5 (5)
16:30:21.965 [HikariPool-1 connection adder] INFO  log4jdbc.log4j2 -  com.zaxxer.hikari.util.DriverDataSource.getConnection(DriverDataSource.java:138)
5. Connection.new Connection returned 
16:30:21.965 [HikariPool-1 connection adder] INFO  log4jdbc.log4j2 -  com.zaxxer.hikari.pool.PoolBase.setupConnection(PoolBase.java:402)
5. Connection.isReadOnly() returned false
16:30:21.965 [HikariPool-1 connection adder] INFO  log4jdbc.log4j2 -  com.zaxxer.hikari.pool.PoolBase.setupConnection(PoolBase.java:406)
5. Connection.getAutoCommit() returned true
16:30:21.984 [HikariPool-1 connection adder] INFO  log4jdbc.log4j2 -  com.zaxxer.hikari.util.DriverDataSource.getConnection(DriverDataSource.java:138)
6. Connection opened. {executed in 17ms} 
open connections:  1 2 3 4 5 6 (6)
16:30:21.984 [HikariPool-1 connection adder] INFO  log4jdbc.log4j2 -  com.zaxxer.hikari.util.DriverDataSource.getConnection(DriverDataSource.java:138)
6. Connection.new Connection returned 
16:30:21.984 [HikariPool-1 connection adder] INFO  log4jdbc.log4j2 -  com.zaxxer.hikari.pool.PoolBase.setupConnection(PoolBase.java:402)
6. Connection.isReadOnly() returned false
16:30:21.984 [HikariPool-1 connection adder] INFO  log4jdbc.log4j2 -  com.zaxxer.hikari.pool.PoolBase.setupConnection(PoolBase.java:406)
6. Connection.getAutoCommit() returned true
16:30:22.003 [HikariPool-1 connection adder] INFO  log4jdbc.log4j2 -  com.zaxxer.hikari.util.DriverDataSource.getConnection(DriverDataSource.java:138)
7. Connection opened. {executed in 19ms} 
open connections:  1 2 3 4 5 6 7 (7)
16:30:22.003 [HikariPool-1 connection adder] INFO  log4jdbc.log4j2 -  com.zaxxer.hikari.util.DriverDataSource.getConnection(DriverDataSource.java:138)
7. Connection.new Connection returned 
16:30:22.003 [HikariPool-1 connection adder] INFO  log4jdbc.log4j2 -  com.zaxxer.hikari.pool.PoolBase.setupConnection(PoolBase.java:402)
7. Connection.isReadOnly() returned false
16:30:22.003 [HikariPool-1 connection adder] INFO  log4jdbc.log4j2 -  com.zaxxer.hikari.pool.PoolBase.setupConnection(PoolBase.java:406)
7. Connection.getAutoCommit() returned true
16:30:22.025 [HikariPool-1 connection adder] INFO  log4jdbc.log4j2 -  com.zaxxer.hikari.util.DriverDataSource.getConnection(DriverDataSource.java:138)
8. Connection opened. {executed in 21ms} 
open connections:  1 2 3 4 5 6 7 8 (8)
16:30:22.026 [HikariPool-1 connection adder] INFO  log4jdbc.log4j2 -  com.zaxxer.hikari.util.DriverDataSource.getConnection(DriverDataSource.java:138)
8. Connection.new Connection returned 
16:30:22.026 [HikariPool-1 connection adder] INFO  log4jdbc.log4j2 -  com.zaxxer.hikari.pool.PoolBase.setupConnection(PoolBase.java:402)
8. Connection.isReadOnly() returned false
16:30:22.026 [HikariPool-1 connection adder] INFO  log4jdbc.log4j2 -  com.zaxxer.hikari.pool.PoolBase.setupConnection(PoolBase.java:406)
8. Connection.getAutoCommit() returned true
16:30:22.045 [HikariPool-1 connection adder] INFO  log4jdbc.log4j2 -  com.zaxxer.hikari.util.DriverDataSource.getConnection(DriverDataSource.java:138)
9. Connection opened. {executed in 19ms} 
open connections:  1 2 3 4 5 6 7 8 9 (9)
16:30:22.046 [HikariPool-1 connection adder] INFO  log4jdbc.log4j2 -  com.zaxxer.hikari.util.DriverDataSource.getConnection(DriverDataSource.java:138)
9. Connection.new Connection returned 
16:30:22.046 [HikariPool-1 connection adder] INFO  log4jdbc.log4j2 -  com.zaxxer.hikari.pool.PoolBase.setupConnection(PoolBase.java:402)
9. Connection.isReadOnly() returned false
16:30:22.046 [HikariPool-1 connection adder] INFO  log4jdbc.log4j2 -  com.zaxxer.hikari.pool.PoolBase.setupConnection(PoolBase.java:406)
9. Connection.getAutoCommit() returned true
16:30:22.064 [HikariPool-1 connection adder] INFO  log4jdbc.log4j2 -  com.zaxxer.hikari.util.DriverDataSource.getConnection(DriverDataSource.java:138)
10. Connection opened. {executed in 18ms} 
open connections:  1 2 3 4 5 6 7 8 9 10 (10)
16:30:22.065 [HikariPool-1 connection adder] INFO  log4jdbc.log4j2 -  com.zaxxer.hikari.util.DriverDataSource.getConnection(DriverDataSource.java:138)
10. Connection.new Connection returned 
16:30:22.065 [HikariPool-1 connection adder] INFO  log4jdbc.log4j2 -  com.zaxxer.hikari.pool.PoolBase.setupConnection(PoolBase.java:402)
10. Connection.isReadOnly() returned false
16:30:22.065 [HikariPool-1 connection adder] INFO  log4jdbc.log4j2 -  com.zaxxer.hikari.pool.PoolBase.setupConnection(PoolBase.java:406)
10. Connection.getAutoCommit() returned true
16:30:22.612 [main] INFO  kr.jungang.dive.user.service.UserServiceTests - assertNotNull Message: kr.jungang.dive.user.service.UserServiceImpl@4872669f
16:30:22.616 [main] INFO  kr.jungang.dive.user.service.UserServiceTests - check0
16:30:22.673 [main] INFO  log4jdbc.log4j2 -  com.zaxxer.hikari.pool.PoolBase.isConnectionAlive(PoolBase.java:161)
1. Connection.isValid(5) returned true
16:30:22.678 [main] INFO  log4jdbc.log4j2 -  com.zaxxer.hikari.pool.HikariProxyConnection.getAutoCommit(HikariProxyConnection.java:-1)
1. Connection.getAutoCommit() returned true
16:30:22.930 [main] INFO  log4jdbc.log4j2 -  com.zaxxer.hikari.pool.ProxyConnection.prepareStatement(ProxyConnection.java:337)
1. PreparedStatement.new PreparedStatement returned 
16:30:22.930 [main] INFO  log4jdbc.log4j2 -  com.zaxxer.hikari.pool.ProxyConnection.prepareStatement(ProxyConnection.java:337)
1. Connection.prepareStatement(SELECT seq_user.NEXTVAL FROM dual) returned net.sf.log4jdbc.sql.jdbcapi.PreparedStatementSpy@8fd91d1
16:30:23.014 [main] INFO  log4jdbc.log4j2 -  com.zaxxer.hikari.pool.ProxyPreparedStatement.execute(ProxyPreparedStatement.java:44)
1. SELECT seq_user.NEXTVAL FROM dual  {executed in 78 ms}
16:30:23.015 [main] INFO  log4jdbc.log4j2 -  com.zaxxer.hikari.pool.ProxyPreparedStatement.execute(ProxyPreparedStatement.java:44)
1. PreparedStatement.execute() returned true
16:30:23.035 [main] INFO  log4jdbc.log4j2 -  com.zaxxer.hikari.pool.ProxyStatement.getResultSet(ProxyStatement.java:214)
1. ResultSet.new ResultSet returned 
16:30:23.036 [main] INFO  log4jdbc.log4j2 -  com.zaxxer.hikari.pool.ProxyStatement.getResultSet(ProxyStatement.java:214)
1. PreparedStatement.getResultSet() returned net.sf.log4jdbc.sql.jdbcapi.ResultSetSpy@23444a36
16:30:23.045 [main] INFO  log4jdbc.log4j2 -  com.zaxxer.hikari.pool.HikariProxyResultSet.getMetaData(HikariProxyResultSet.java:-1)
1. ResultSet.getMetaData() returned oracle.jdbc.driver.OracleResultSetMetaData@cc9ef8d
16:30:23.047 [main] INFO  log4jdbc.log4j2 -  com.zaxxer.hikari.pool.HikariProxyResultSet.getType(HikariProxyResultSet.java:-1)
1. ResultSet.getType() returned 1003
16:30:23.048 [main] INFO  log4jdbc.log4j2 -  com.zaxxer.hikari.pool.HikariProxyResultSet.isClosed(HikariProxyResultSet.java:-1)
1. ResultSet.isClosed() returned false
16:30:23.048 [main] INFO  log4jdbc.log4j2 -  com.zaxxer.hikari.pool.HikariProxyResultSet.next(HikariProxyResultSet.java:-1)
1. ResultSet.next() returned true
16:30:23.051 [main] INFO  log4jdbc.log4j2 -  com.zaxxer.hikari.pool.HikariProxyResultSet.getLong(HikariProxyResultSet.java:-1)
1. ResultSet.getLong(NEXTVAL) returned 20
16:30:23.052 [main] INFO  log4jdbc.log4j2 -  com.zaxxer.hikari.pool.HikariProxyResultSet.isClosed(HikariProxyResultSet.java:-1)
1. ResultSet.isClosed() returned false
16:30:23.054 [main] INFO  log4jdbc.log4j2 - 
|--------|
|nextval |
|--------|
|20      |
|--------|

16:30:23.055 [main] INFO  log4jdbc.log4j2 -  com.zaxxer.hikari.pool.HikariProxyResultSet.next(HikariProxyResultSet.java:-1)
1. ResultSet.next() returned false
16:30:23.055 [main] INFO  log4jdbc.log4j2 -  com.zaxxer.hikari.pool.HikariProxyResultSet.close(HikariProxyResultSet.java:-1)
1. ResultSet.close() returned void
16:30:23.055 [main] INFO  log4jdbc.log4j2 -  com.zaxxer.hikari.pool.ProxyConnection.getMetaData(ProxyConnection.java:380)
1. Connection.getMetaData() returned oracle.jdbc.driver.OracleDatabaseMetaData@2dd63e3
16:30:23.062 [main] INFO  log4jdbc.log4j2 -  com.zaxxer.hikari.pool.ProxyStatement.close(ProxyStatement.java:76)
1. PreparedStatement.close() returned 
16:30:23.070 [main] INFO  log4jdbc.log4j2 -  com.zaxxer.hikari.pool.ProxyConnection.prepareStatement(ProxyConnection.java:337)
1. PreparedStatement.new PreparedStatement returned 
16:30:23.071 [main] INFO  log4jdbc.log4j2 -  com.zaxxer.hikari.pool.ProxyConnection.prepareStatement(ProxyConnection.java:337)
1. Connection.prepareStatement(INSERT INTO tbl_user (
							  id, user_id, password, name, nickname, sex, birthday,
		 					  address, phone, email
		 					  )
		
			 VALUES (
			  		 ?,?,?,?,
					 ?,?,?,?,
					 ?,?
					 )) returned net.sf.log4jdbc.sql.jdbcapi.PreparedStatementSpy@685f5d0d
16:30:23.074 [main] INFO  log4jdbc.log4j2 -  com.zaxxer.hikari.pool.HikariProxyPreparedStatement.setLong(HikariProxyPreparedStatement.java:-1)
1. PreparedStatement.setLong(1, 20) returned 
16:30:23.076 [main] INFO  log4jdbc.log4j2 -  com.zaxxer.hikari.pool.HikariProxyPreparedStatement.setString(HikariProxyPreparedStatement.java:-1)
1. PreparedStatement.setString(2, "jokerb") returned 
16:30:23.076 [main] INFO  log4jdbc.log4j2 -  com.zaxxer.hikari.pool.HikariProxyPreparedStatement.setString(HikariProxyPreparedStatement.java:-1)
1. PreparedStatement.setString(3, "joker") returned 
16:30:23.078 [main] INFO  log4jdbc.log4j2 -  com.zaxxer.hikari.pool.HikariProxyPreparedStatement.setString(HikariProxyPreparedStatement.java:-1)
1. PreparedStatement.setString(4, "a") returned 
16:30:23.078 [main] INFO  log4jdbc.log4j2 -  com.zaxxer.hikari.pool.HikariProxyPreparedStatement.setString(HikariProxyPreparedStatement.java:-1)
1. PreparedStatement.setString(5, "a") returned 
16:30:23.079 [main] INFO  log4jdbc.log4j2 -  com.zaxxer.hikari.pool.HikariProxyPreparedStatement.setString(HikariProxyPreparedStatement.java:-1)
1. PreparedStatement.setString(6, "a") returned 
16:30:23.080 [main] INFO  log4jdbc.log4j2 -  com.zaxxer.hikari.pool.HikariProxyPreparedStatement.setString(HikariProxyPreparedStatement.java:-1)
1. PreparedStatement.setString(7, "123156") returned 
16:30:23.080 [main] INFO  log4jdbc.log4j2 -  com.zaxxer.hikari.pool.HikariProxyPreparedStatement.setString(HikariProxyPreparedStatement.java:-1)
1. PreparedStatement.setString(8, "a") returned 
16:30:23.080 [main] INFO  log4jdbc.log4j2 -  com.zaxxer.hikari.pool.HikariProxyPreparedStatement.setString(HikariProxyPreparedStatement.java:-1)
1. PreparedStatement.setString(9, "a") returned 
16:30:23.081 [main] INFO  log4jdbc.log4j2 -  com.zaxxer.hikari.pool.HikariProxyPreparedStatement.setString(HikariProxyPreparedStatement.java:-1)
1. PreparedStatement.setString(10, "a") returned 
16:30:23.120 [main] INFO  log4jdbc.log4j2 -  com.zaxxer.hikari.pool.ProxyPreparedStatement.execute(ProxyPreparedStatement.java:44)
1. INSERT INTO tbl_user ( id, user_id, password, name, nickname, sex, birthday, address, phone, 
email ) VALUES ( 20,'jokerb','joker','a', 'a','a','123156','a', 'a','a' )  {executed in 39 ms}
16:30:23.120 [main] INFO  log4jdbc.log4j2 -  com.zaxxer.hikari.pool.ProxyPreparedStatement.execute(ProxyPreparedStatement.java:44)
1. PreparedStatement.execute() returned false
16:30:23.120 [main] INFO  log4jdbc.log4j2 -  com.zaxxer.hikari.pool.HikariProxyPreparedStatement.getUpdateCount(HikariProxyPreparedStatement.java:-1)
1. PreparedStatement.getUpdateCount() returned 1
16:30:23.120 [main] INFO  log4jdbc.log4j2 -  com.zaxxer.hikari.pool.ProxyStatement.close(ProxyStatement.java:76)
1. PreparedStatement.close() returned 
16:30:23.126 [main] INFO  log4jdbc.log4j2 -  com.zaxxer.hikari.pool.ProxyConnection.close(ProxyConnection.java:267)
1. Connection.clearWarnings() returned 
16:30:23.127 [main] INFO  log4jdbc.log4j2 -  com.zaxxer.hikari.pool.HikariProxyConnection.getAutoCommit(HikariProxyConnection.java:-1)
1. Connection.getAutoCommit() returned true
16:30:23.127 [main] INFO  log4jdbc.log4j2 -  com.zaxxer.hikari.pool.ProxyConnection.prepareStatement(ProxyConnection.java:337)
1. PreparedStatement.new PreparedStatement returned 
16:30:23.128 [main] INFO  log4jdbc.log4j2 -  com.zaxxer.hikari.pool.ProxyConnection.prepareStatement(ProxyConnection.java:337)
1. Connection.prepareStatement(INSERT INTO tbl_authorities (user_num, authority)
		VALUES (?,?)) returned net.sf.log4jdbc.sql.jdbcapi.PreparedStatementSpy@3b435211
16:30:23.128 [main] INFO  log4jdbc.log4j2 -  com.zaxxer.hikari.pool.HikariProxyPreparedStatement.setLong(HikariProxyPreparedStatement.java:-1)
1. PreparedStatement.setLong(1, 20) returned 
16:30:23.128 [main] INFO  log4jdbc.log4j2 -  com.zaxxer.hikari.pool.HikariProxyPreparedStatement.setString(HikariProxyPreparedStatement.java:-1)
1. PreparedStatement.setString(2, "ROLE_MEMBER") returned 
16:30:23.143 [main] INFO  log4jdbc.log4j2 -  com.zaxxer.hikari.pool.ProxyPreparedStatement.execute(ProxyPreparedStatement.java:44)
1. INSERT INTO tbl_authorities (user_num, authority) VALUES (20,'ROLE_MEMBER')  {executed in 15 ms}
16:30:23.143 [main] INFO  log4jdbc.log4j2 -  com.zaxxer.hikari.pool.ProxyPreparedStatement.execute(ProxyPreparedStatement.java:44)
1. PreparedStatement.execute() returned false
16:30:23.144 [main] INFO  log4jdbc.log4j2 -  com.zaxxer.hikari.pool.HikariProxyPreparedStatement.getUpdateCount(HikariProxyPreparedStatement.java:-1)
1. PreparedStatement.getUpdateCount() returned 1
16:30:23.144 [main] INFO  log4jdbc.log4j2 -  com.zaxxer.hikari.pool.ProxyStatement.close(ProxyStatement.java:76)
1. PreparedStatement.close() returned 
16:30:23.144 [main] INFO  log4jdbc.log4j2 -  com.zaxxer.hikari.pool.ProxyConnection.close(ProxyConnection.java:267)
1. Connection.clearWarnings() returned 
16:30:23.144 [main] INFO  kr.jungang.dive.user.service.UserServiceTests - success!20
16:30:23.145 [main] INFO  log4jdbc.log4j2 -  com.zaxxer.hikari.pool.HikariProxyConnection.getAutoCommit(HikariProxyConnection.java:-1)
1. Connection.getAutoCommit() returned true
16:30:23.146 [main] INFO  log4jdbc.log4j2 -  com.zaxxer.hikari.pool.ProxyConnection.prepareStatement(ProxyConnection.java:337)
1. PreparedStatement.new PreparedStatement returned 
16:30:23.146 [main] INFO  log4jdbc.log4j2 -  com.zaxxer.hikari.pool.ProxyConnection.prepareStatement(ProxyConnection.java:337)
1. Connection.prepareStatement(SELECT u.id, u.user_id, u.password, u.name, u.nickname, u.sex, u.birthday, u.address, u.phone, u.email, a.*
  		  FROM tbl_user u left outer join tbl_authorities a on u.id = a.user_num
		 WHERE u.user_id = ?) returned net.sf.log4jdbc.sql.jdbcapi.PreparedStatementSpy@361cd35c
16:30:23.146 [main] INFO  log4jdbc.log4j2 -  com.zaxxer.hikari.pool.HikariProxyPreparedStatement.setString(HikariProxyPreparedStatement.java:-1)
1. PreparedStatement.setString(1, "a") returned 
16:30:23.160 [main] INFO  log4jdbc.log4j2 -  com.zaxxer.hikari.pool.ProxyPreparedStatement.execute(ProxyPreparedStatement.java:44)
1. SELECT u.id, u.user_id, u.password, u.name, u.nickname, u.sex, u.birthday, u.address, u.phone, 
u.email, a.* FROM tbl_user u left outer join tbl_authorities a on u.id = a.user_num WHERE u.user_id 
= 'a'  {executed in 13 ms}
16:30:23.161 [main] INFO  log4jdbc.log4j2 -  com.zaxxer.hikari.pool.ProxyPreparedStatement.execute(ProxyPreparedStatement.java:44)
1. PreparedStatement.execute() returned true
16:30:23.161 [main] INFO  log4jdbc.log4j2 -  com.zaxxer.hikari.pool.ProxyStatement.getResultSet(ProxyStatement.java:214)
1. ResultSet.new ResultSet returned 
16:30:23.161 [main] INFO  log4jdbc.log4j2 -  com.zaxxer.hikari.pool.ProxyStatement.getResultSet(ProxyStatement.java:214)
1. PreparedStatement.getResultSet() returned net.sf.log4jdbc.sql.jdbcapi.ResultSetSpy@39832280
16:30:23.161 [main] INFO  log4jdbc.log4j2 -  com.zaxxer.hikari.pool.HikariProxyResultSet.getMetaData(HikariProxyResultSet.java:-1)
1. ResultSet.getMetaData() returned oracle.jdbc.driver.OracleResultSetMetaData@4966bab1
16:30:23.161 [main] INFO  log4jdbc.log4j2 -  com.zaxxer.hikari.pool.HikariProxyResultSet.getType(HikariProxyResultSet.java:-1)
1. ResultSet.getType() returned 1003
16:30:23.162 [main] INFO  log4jdbc.log4j2 -  com.zaxxer.hikari.pool.HikariProxyResultSet.isClosed(HikariProxyResultSet.java:-1)
1. ResultSet.isClosed() returned false
16:30:23.163 [main] INFO  log4jdbc.log4j2 - 
|---|--------|---------|-----|---------|----|---------|--------|------|------|---------|----------|
|id |user_id |password |name |nickname |sex |birthday |address |phone |email |user_num |authority |
|---|--------|---------|-----|---------|----|---------|--------|------|------|---------|----------|
|---|--------|---------|-----|---------|----|---------|--------|------|------|---------|----------|

16:30:23.163 [main] INFO  log4jdbc.log4j2 -  com.zaxxer.hikari.pool.HikariProxyResultSet.next(HikariProxyResultSet.java:-1)
1. ResultSet.next() returned false
16:30:23.163 [main] INFO  log4jdbc.log4j2 -  com.zaxxer.hikari.pool.HikariProxyResultSet.close(HikariProxyResultSet.java:-1)
1. ResultSet.close() returned void
16:30:23.163 [main] INFO  log4jdbc.log4j2 -  com.zaxxer.hikari.pool.ProxyConnection.getMetaData(ProxyConnection.java:380)
1. Connection.getMetaData() returned oracle.jdbc.driver.OracleDatabaseMetaData@2dd63e3
16:30:23.164 [main] INFO  log4jdbc.log4j2 -  com.zaxxer.hikari.pool.ProxyStatement.close(ProxyStatement.java:76)
1. PreparedStatement.close() returned 
16:30:23.164 [main] INFO  log4jdbc.log4j2 -  com.zaxxer.hikari.pool.ProxyConnection.close(ProxyConnection.java:267)
1. Connection.clearWarnings() returned 
16:30:23.165 [main] INFO  kr.jungang.dive.user.service.UserServiceTests - null
16:30:23.166 [main] INFO  log4jdbc.log4j2 -  com.zaxxer.hikari.pool.HikariProxyConnection.getAutoCommit(HikariProxyConnection.java:-1)
1. Connection.getAutoCommit() returned true
16:30:23.166 [main] INFO  log4jdbc.log4j2 -  com.zaxxer.hikari.pool.ProxyConnection.prepareStatement(ProxyConnection.java:337)
1. PreparedStatement.new PreparedStatement returned 
16:30:23.166 [main] INFO  log4jdbc.log4j2 -  com.zaxxer.hikari.pool.ProxyConnection.prepareStatement(ProxyConnection.java:337)
1. Connection.prepareStatement(SELECT u.id, u.user_id, u.password, u.name, u.nickname, u.sex, u.birthday, u.address, u.phone, u.email, a.*
  		  FROM tbl_user u left outer join tbl_authorities a on u.id = a.user_num
		 WHERE u.user_id = ?) returned net.sf.log4jdbc.sql.jdbcapi.PreparedStatementSpy@5aa76ad2
16:30:23.167 [main] INFO  log4jdbc.log4j2 -  com.zaxxer.hikari.pool.HikariProxyPreparedStatement.setString(HikariProxyPreparedStatement.java:-1)
1. PreparedStatement.setString(1, "jokerb") returned 
16:30:23.170 [main] INFO  log4jdbc.log4j2 -  com.zaxxer.hikari.pool.ProxyPreparedStatement.execute(ProxyPreparedStatement.java:44)
1. SELECT u.id, u.user_id, u.password, u.name, u.nickname, u.sex, u.birthday, u.address, u.phone, 
u.email, a.* FROM tbl_user u left outer join tbl_authorities a on u.id = a.user_num WHERE u.user_id 
= 'jokerb'  {executed in 3 ms}
16:30:23.171 [main] INFO  log4jdbc.log4j2 -  com.zaxxer.hikari.pool.ProxyPreparedStatement.execute(ProxyPreparedStatement.java:44)
1. PreparedStatement.execute() returned true
16:30:23.172 [main] INFO  log4jdbc.log4j2 -  com.zaxxer.hikari.pool.ProxyStatement.getResultSet(ProxyStatement.java:214)
1. ResultSet.new ResultSet returned 
16:30:23.174 [main] INFO  log4jdbc.log4j2 -  com.zaxxer.hikari.pool.ProxyStatement.getResultSet(ProxyStatement.java:214)
1. PreparedStatement.getResultSet() returned net.sf.log4jdbc.sql.jdbcapi.ResultSetSpy@250d440
16:30:23.175 [main] INFO  log4jdbc.log4j2 -  com.zaxxer.hikari.pool.HikariProxyResultSet.getMetaData(HikariProxyResultSet.java:-1)
1. ResultSet.getMetaData() returned oracle.jdbc.driver.OracleResultSetMetaData@76c86567
16:30:23.175 [main] INFO  log4jdbc.log4j2 -  com.zaxxer.hikari.pool.HikariProxyResultSet.getType(HikariProxyResultSet.java:-1)
1. ResultSet.getType() returned 1003
16:30:23.175 [main] INFO  log4jdbc.log4j2 -  com.zaxxer.hikari.pool.HikariProxyResultSet.isClosed(HikariProxyResultSet.java:-1)
1. ResultSet.isClosed() returned false
16:30:23.175 [main] INFO  log4jdbc.log4j2 -  com.zaxxer.hikari.pool.HikariProxyResultSet.next(HikariProxyResultSet.java:-1)
1. ResultSet.next() returned true
16:30:23.176 [main] INFO  log4jdbc.log4j2 -  com.zaxxer.hikari.pool.HikariProxyResultSet.getLong(HikariProxyResultSet.java:-1)
1. ResultSet.getLong(id) returned 20
16:30:23.176 [main] INFO  log4jdbc.log4j2 -  com.zaxxer.hikari.pool.HikariProxyResultSet.getLong(HikariProxyResultSet.java:-1)
1. ResultSet.getLong(id) returned 20
16:30:23.177 [main] INFO  log4jdbc.log4j2 -  com.zaxxer.hikari.pool.HikariProxyResultSet.getString(HikariProxyResultSet.java:-1)
1. ResultSet.getString(user_id) returned jokerb
16:30:23.177 [main] INFO  log4jdbc.log4j2 -  com.zaxxer.hikari.pool.HikariProxyResultSet.getString(HikariProxyResultSet.java:-1)
1. ResultSet.getString(password) returned joker
16:30:23.178 [main] INFO  log4jdbc.log4j2 -  com.zaxxer.hikari.pool.HikariProxyResultSet.getString(HikariProxyResultSet.java:-1)
1. ResultSet.getString(name) returned a
16:30:23.178 [main] INFO  log4jdbc.log4j2 -  com.zaxxer.hikari.pool.HikariProxyResultSet.getString(HikariProxyResultSet.java:-1)
1. ResultSet.getString(nickname) returned a
16:30:23.178 [main] INFO  log4jdbc.log4j2 -  com.zaxxer.hikari.pool.HikariProxyResultSet.getString(HikariProxyResultSet.java:-1)
1. ResultSet.getString(sex) returned a
16:30:23.179 [main] INFO  log4jdbc.log4j2 -  com.zaxxer.hikari.pool.HikariProxyResultSet.getString(HikariProxyResultSet.java:-1)
1. ResultSet.getString(birthday) returned 123156    
16:30:23.179 [main] INFO  log4jdbc.log4j2 -  com.zaxxer.hikari.pool.HikariProxyResultSet.getString(HikariProxyResultSet.java:-1)
1. ResultSet.getString(address) returned a
16:30:23.179 [main] INFO  log4jdbc.log4j2 -  com.zaxxer.hikari.pool.HikariProxyResultSet.getString(HikariProxyResultSet.java:-1)
1. ResultSet.getString(phone) returned a
16:30:23.180 [main] INFO  log4jdbc.log4j2 -  com.zaxxer.hikari.pool.HikariProxyResultSet.getString(HikariProxyResultSet.java:-1)
1. ResultSet.getString(email) returned a
16:30:23.180 [main] INFO  log4jdbc.log4j2 -  com.zaxxer.hikari.pool.HikariProxyResultSet.getLong(HikariProxyResultSet.java:-1)
1. ResultSet.getLong(user_num) returned 20
16:30:23.180 [main] INFO  log4jdbc.log4j2 -  com.zaxxer.hikari.pool.HikariProxyResultSet.getString(HikariProxyResultSet.java:-1)
1. ResultSet.getString(authority) returned ROLE_MEMBER
16:30:23.180 [main] INFO  log4jdbc.log4j2 -  com.zaxxer.hikari.pool.HikariProxyResultSet.getLong(HikariProxyResultSet.java:-1)
1. ResultSet.getLong(user_num) returned 20
16:30:23.181 [main] INFO  log4jdbc.log4j2 -  com.zaxxer.hikari.pool.HikariProxyResultSet.getString(HikariProxyResultSet.java:-1)
1. ResultSet.getString(authority) returned ROLE_MEMBER
16:30:23.182 [main] INFO  log4jdbc.log4j2 -  com.zaxxer.hikari.pool.HikariProxyResultSet.isClosed(HikariProxyResultSet.java:-1)
1. ResultSet.isClosed() returned false
16:30:23.184 [main] INFO  log4jdbc.log4j2 - 
|---|--------|---------|-----|---------|----|-----------|--------|------|------|---------|------------|
|id |user_id |password |name |nickname |sex |birthday   |address |phone |email |user_num |authority   |
|---|--------|---------|-----|---------|----|-----------|--------|------|------|---------|------------|
|20 |jokerb  |joker    |a    |a        |a   |123156     |a       |a     |a     |20       |ROLE_MEMBER |
|---|--------|---------|-----|---------|----|-----------|--------|------|------|---------|------------|

16:30:23.184 [main] INFO  log4jdbc.log4j2 -  com.zaxxer.hikari.pool.HikariProxyResultSet.next(HikariProxyResultSet.java:-1)
1. ResultSet.next() returned false
16:30:23.185 [main] INFO  log4jdbc.log4j2 -  com.zaxxer.hikari.pool.HikariProxyResultSet.close(HikariProxyResultSet.java:-1)
1. ResultSet.close() returned void
16:30:23.185 [main] INFO  log4jdbc.log4j2 -  com.zaxxer.hikari.pool.ProxyConnection.getMetaData(ProxyConnection.java:380)
1. Connection.getMetaData() returned oracle.jdbc.driver.OracleDatabaseMetaData@2dd63e3
16:30:23.185 [main] INFO  log4jdbc.log4j2 -  com.zaxxer.hikari.pool.ProxyStatement.close(ProxyStatement.java:76)
1. PreparedStatement.close() returned 
16:30:23.186 [main] INFO  log4jdbc.log4j2 -  com.zaxxer.hikari.pool.ProxyConnection.close(ProxyConnection.java:267)
1. Connection.clearWarnings() returned 
16:30:23.186 [main] INFO  log4jdbc.log4j2 -  com.zaxxer.hikari.pool.HikariProxyConnection.getAutoCommit(HikariProxyConnection.java:-1)
1. Connection.getAutoCommit() returned true
16:30:23.186 [main] INFO  log4jdbc.log4j2 -  com.zaxxer.hikari.pool.ProxyConnection.prepareStatement(ProxyConnection.java:337)
1. PreparedStatement.new PreparedStatement returned 
16:30:23.186 [main] INFO  log4jdbc.log4j2 -  com.zaxxer.hikari.pool.ProxyConnection.prepareStatement(ProxyConnection.java:337)
1. Connection.prepareStatement(UPDATE tbl_user
		   SET 
		       address = ?,
			   phone = ?,
			   email = ?,
			   update_date = sysdate
		 WHERE user_id = ?) returned net.sf.log4jdbc.sql.jdbcapi.PreparedStatementSpy@10f405ff
16:30:23.187 [main] INFO  log4jdbc.log4j2 -  com.zaxxer.hikari.pool.HikariProxyPreparedStatement.setString(HikariProxyPreparedStatement.java:-1)
1. PreparedStatement.setString(1, "a") returned 
16:30:23.187 [main] INFO  log4jdbc.log4j2 -  com.zaxxer.hikari.pool.HikariProxyPreparedStatement.setString(HikariProxyPreparedStatement.java:-1)
1. PreparedStatement.setString(2, "a") returned 
16:30:23.187 [main] INFO  log4jdbc.log4j2 -  com.zaxxer.hikari.pool.HikariProxyPreparedStatement.setString(HikariProxyPreparedStatement.java:-1)
1. PreparedStatement.setString(3, "a") returned 
16:30:23.188 [main] INFO  log4jdbc.log4j2 -  com.zaxxer.hikari.pool.HikariProxyPreparedStatement.setString(HikariProxyPreparedStatement.java:-1)
1. PreparedStatement.setString(4, "jokerb") returned 
16:30:23.189 [main] INFO  log4jdbc.log4j2 -  com.zaxxer.hikari.pool.ProxyPreparedStatement.execute(ProxyPreparedStatement.java:44)
1. UPDATE tbl_user SET address = 'a', phone = 'a', email = 'a', update_date = sysdate WHERE user_id 
= 'jokerb'  {executed in 1 ms}
16:30:23.190 [main] INFO  log4jdbc.log4j2 -  com.zaxxer.hikari.pool.ProxyPreparedStatement.execute(ProxyPreparedStatement.java:44)
1. PreparedStatement.execute() returned false
16:30:23.190 [main] INFO  log4jdbc.log4j2 -  com.zaxxer.hikari.pool.HikariProxyPreparedStatement.getUpdateCount(HikariProxyPreparedStatement.java:-1)
1. PreparedStatement.getUpdateCount() returned 1
16:30:23.190 [main] INFO  log4jdbc.log4j2 -  com.zaxxer.hikari.pool.ProxyStatement.close(ProxyStatement.java:76)
1. PreparedStatement.close() returned 
16:30:23.190 [main] INFO  log4jdbc.log4j2 -  com.zaxxer.hikari.pool.ProxyConnection.close(ProxyConnection.java:267)
1. Connection.clearWarnings() returned 
16:30:23.190 [main] INFO  kr.jungang.dive.user.service.UserServiceTests - true건 수정 완료
16:30:23.213 [HikariPool-1 connection closer] INFO  log4jdbc.log4j2 -  com.zaxxer.hikari.pool.PoolBase.quietlyCloseConnection(PoolBase.java:143)
1. Connection closed. {executed in 3ms} 
open connections:  2 3 4 5 6 7 8 9 10 (9)
16:30:23.213 [HikariPool-1 connection closer] INFO  log4jdbc.log4j2 -  com.zaxxer.hikari.pool.PoolBase.quietlyCloseConnection(PoolBase.java:143)
1. Connection.close() returned 
16:30:23.235 [HikariPool-1 connection closer] INFO  log4jdbc.log4j2 -  com.zaxxer.hikari.pool.PoolBase.quietlyCloseConnection(PoolBase.java:143)
2. Connection closed. {executed in 21ms} 
open connections:  3 4 5 6 7 8 9 10 (8)
16:30:23.235 [HikariPool-1 connection closer] INFO  log4jdbc.log4j2 -  com.zaxxer.hikari.pool.PoolBase.quietlyCloseConnection(PoolBase.java:143)
2. Connection.close() returned 
16:30:23.260 [HikariPool-1 connection closer] INFO  log4jdbc.log4j2 -  com.zaxxer.hikari.pool.PoolBase.quietlyCloseConnection(PoolBase.java:143)
3. Connection closed. {executed in 25ms} 
open connections:  4 5 6 7 8 9 10 (7)
16:30:23.260 [HikariPool-1 connection closer] INFO  log4jdbc.log4j2 -  com.zaxxer.hikari.pool.PoolBase.quietlyCloseConnection(PoolBase.java:143)
3. Connection.close() returned 
16:30:23.276 [HikariPool-1 connection closer] INFO  log4jdbc.log4j2 -  com.zaxxer.hikari.pool.PoolBase.quietlyCloseConnection(PoolBase.java:143)
4. Connection closed. {executed in 15ms} 
open connections:  5 6 7 8 9 10 (6)
16:30:23.276 [HikariPool-1 connection closer] INFO  log4jdbc.log4j2 -  com.zaxxer.hikari.pool.PoolBase.quietlyCloseConnection(PoolBase.java:143)
4. Connection.close() returned 
16:30:23.293 [HikariPool-1 connection closer] INFO  log4jdbc.log4j2 -  com.zaxxer.hikari.pool.PoolBase.quietlyCloseConnection(PoolBase.java:143)
5. Connection closed. {executed in 15ms} 
open connections:  6 7 8 9 10 (5)
16:30:23.294 [HikariPool-1 connection closer] INFO  log4jdbc.log4j2 -  com.zaxxer.hikari.pool.PoolBase.quietlyCloseConnection(PoolBase.java:143)
5. Connection.close() returned 
16:30:23.309 [HikariPool-1 connection closer] INFO  log4jdbc.log4j2 -  com.zaxxer.hikari.pool.PoolBase.quietlyCloseConnection(PoolBase.java:143)
6. Connection closed. {executed in 15ms} 
open connections:  7 8 9 10 (4)
16:30:23.310 [HikariPool-1 connection closer] INFO  log4jdbc.log4j2 -  com.zaxxer.hikari.pool.PoolBase.quietlyCloseConnection(PoolBase.java:143)
6. Connection.close() returned 
16:30:23.326 [HikariPool-1 connection closer] INFO  log4jdbc.log4j2 -  com.zaxxer.hikari.pool.PoolBase.quietlyCloseConnection(PoolBase.java:143)
7. Connection closed. {executed in 16ms} 
open connections:  8 9 10 (3)
16:30:23.340 [HikariPool-1 connection closer] INFO  log4jdbc.log4j2 -  com.zaxxer.hikari.pool.PoolBase.quietlyCloseConnection(PoolBase.java:143)
7. Connection.close() returned 
16:30:23.343 [HikariPool-1 connection closer] INFO  log4jdbc.log4j2 -  com.zaxxer.hikari.pool.PoolBase.quietlyCloseConnection(PoolBase.java:143)
8. Connection closed. {executed in 3ms} 
open connections:  9 10 (2)
16:30:23.343 [HikariPool-1 connection closer] INFO  log4jdbc.log4j2 -  com.zaxxer.hikari.pool.PoolBase.quietlyCloseConnection(PoolBase.java:143)
8. Connection.close() returned 
16:30:23.360 [HikariPool-1 connection closer] INFO  log4jdbc.log4j2 -  com.zaxxer.hikari.pool.PoolBase.quietlyCloseConnection(PoolBase.java:143)
9. Connection closed. {executed in 16ms} 
open connections:  10 (1)
16:30:23.360 [HikariPool-1 connection closer] INFO  log4jdbc.log4j2 -  com.zaxxer.hikari.pool.PoolBase.quietlyCloseConnection(PoolBase.java:143)
9. Connection.close() returned 
16:30:23.376 [HikariPool-1 connection closer] INFO  log4jdbc.log4j2 -  com.zaxxer.hikari.pool.PoolBase.quietlyCloseConnection(PoolBase.java:143)
10. Connection closed. {executed in 16ms} 
open connections:  none
16:30:23.376 [HikariPool-1 connection closer] INFO  log4jdbc.log4j2 -  com.zaxxer.hikari.pool.PoolBase.quietlyCloseConnection(PoolBase.java:143)
10. Connection.close() returned 
