19:43:01.954 [main] DEBUG org.mybatis.spring.mapper.ClassPathMapperScanner - Identified candidate component class: file [C:\DevSpace\Project_DIVE\DIVE\target\classes\kr\jungang\dive\user\persistence\UserMapper.class]
19:43:02.074 [main] DEBUG log4jdbc.debug - log4jdbc-logj2 properties initialization...
19:43:02.074 [main] DEBUG log4jdbc.debug - Using logger: null
19:43:02.074 [main] DEBUG log4jdbc.debug - x log4jdbc.debug.stack.prefix is not defined
19:43:02.074 [main] DEBUG log4jdbc.debug - x log4jdbc.sqltiming.warn.threshold is not defined
19:43:02.075 [main] DEBUG log4jdbc.debug - x log4jdbc.sqltiming.error.threshold is not defined
19:43:02.075 [main] DEBUG log4jdbc.debug - x log4jdbc.dump.booleanastruefalse is not defined (using default value false)
19:43:02.075 [main] DEBUG log4jdbc.debug - x log4jdbc.dump.sql.maxlinelength is not defined (using default of 90)
19:43:02.075 [main] DEBUG log4jdbc.debug - x log4jdbc.dump.fulldebugstacktrace is not defined (using default value false)
19:43:02.076 [main] DEBUG log4jdbc.debug - x log4jdbc.statement.warn is not defined (using default value false)
19:43:02.076 [main] DEBUG log4jdbc.debug - x log4jdbc.dump.sql.select is not defined (using default value true)
19:43:02.076 [main] DEBUG log4jdbc.debug - x log4jdbc.dump.sql.insert is not defined (using default value true)
19:43:02.076 [main] DEBUG log4jdbc.debug - x log4jdbc.dump.sql.update is not defined (using default value true)
19:43:02.076 [main] DEBUG log4jdbc.debug - x log4jdbc.dump.sql.delete is not defined (using default value true)
19:43:02.076 [main] DEBUG log4jdbc.debug - x log4jdbc.dump.sql.create is not defined (using default value true)
19:43:02.077 [main] DEBUG log4jdbc.debug - x log4jdbc.dump.sql.addsemicolon is not defined (using default value false)
19:43:02.077 [main] DEBUG log4jdbc.debug - x log4jdbc.auto.load.popular.drivers is not defined (using default value true)
19:43:02.077 [main] DEBUG log4jdbc.debug - x log4jdbc.drivers is not defined
19:43:02.077 [main] DEBUG log4jdbc.debug - x log4jdbc.trim.sql is not defined (using default value true)
19:43:02.077 [main] DEBUG log4jdbc.debug - x log4jdbc.trim.sql.extrablanklines is not defined (using default value true)
19:43:02.077 [main] DEBUG log4jdbc.debug - x log4jdbc.suppress.generated.keys.exception is not defined (using default value false)
19:43:02.077 [main] DEBUG log4jdbc.debug - log4jdbc-logj2 properties initialization done.
19:43:02.078 [main] DEBUG log4jdbc.debug - DriverSpy intialization...
19:43:02.147 [main] DEBUG log4jdbc.debug -   FOUND DRIVER oracle.jdbc.OracleDriver
19:43:02.148 [main] DEBUG log4jdbc.debug -   FOUND DRIVER oracle.jdbc.driver.OracleDriver
19:43:02.151 [main] DEBUG log4jdbc.debug - DriverSpy intialization done.
19:43:02.585 [main] INFO  log4jdbc.log4j2 -  com.zaxxer.hikari.util.DriverDataSource.getConnection(DriverDataSource.java:138)
1. Connection opened. {executed in 374ms} 
open connections:  1 (1)
19:43:02.587 [main] INFO  log4jdbc.log4j2 -  com.zaxxer.hikari.util.DriverDataSource.getConnection(DriverDataSource.java:138)
1. Connection.new Connection returned 
19:43:02.587 [main] INFO  log4jdbc.log4j2 -  com.zaxxer.hikari.pool.PoolBase.getAndSetNetworkTimeout(PoolBase.java:526)
1. Connection.getNetworkTimeout() returned 0
19:43:02.588 [main] INFO  log4jdbc.log4j2 -  com.zaxxer.hikari.pool.PoolBase.setupConnection(PoolBase.java:402)
1. Connection.isReadOnly() returned false
19:43:02.588 [main] INFO  log4jdbc.log4j2 -  com.zaxxer.hikari.pool.PoolBase.setupConnection(PoolBase.java:406)
1. Connection.getAutoCommit() returned true
19:43:02.591 [main] INFO  log4jdbc.log4j2 -  com.zaxxer.hikari.pool.PoolBase.checkValidationSupport(PoolBase.java:458)
1. Connection.isValid(1) returned true
19:43:02.592 [main] INFO  log4jdbc.log4j2 -  com.zaxxer.hikari.pool.PoolBase.checkDefaultIsolation(PoolBase.java:479)
1. Connection.getTransactionIsolation() returned 2
19:43:02.751 [HikariPool-1 connection adder] INFO  log4jdbc.log4j2 -  com.zaxxer.hikari.util.DriverDataSource.getConnection(DriverDataSource.java:138)
2. Connection opened. {executed in 32ms} 
open connections:  1 2 (2)
19:43:02.752 [HikariPool-1 connection adder] INFO  log4jdbc.log4j2 -  com.zaxxer.hikari.util.DriverDataSource.getConnection(DriverDataSource.java:138)
2. Connection.new Connection returned 
19:43:02.752 [HikariPool-1 connection adder] INFO  log4jdbc.log4j2 -  com.zaxxer.hikari.pool.PoolBase.setupConnection(PoolBase.java:402)
2. Connection.isReadOnly() returned false
19:43:02.752 [HikariPool-1 connection adder] INFO  log4jdbc.log4j2 -  com.zaxxer.hikari.pool.PoolBase.setupConnection(PoolBase.java:406)
2. Connection.getAutoCommit() returned true
19:43:02.900 [HikariPool-1 connection adder] INFO  log4jdbc.log4j2 -  com.zaxxer.hikari.util.DriverDataSource.getConnection(DriverDataSource.java:138)
3. Connection opened. {executed in 147ms} 
open connections:  1 2 3 (3)
19:43:02.901 [HikariPool-1 connection adder] INFO  log4jdbc.log4j2 -  com.zaxxer.hikari.util.DriverDataSource.getConnection(DriverDataSource.java:138)
3. Connection.new Connection returned 
19:43:02.901 [HikariPool-1 connection adder] INFO  log4jdbc.log4j2 -  com.zaxxer.hikari.pool.PoolBase.setupConnection(PoolBase.java:402)
3. Connection.isReadOnly() returned false
19:43:02.901 [HikariPool-1 connection adder] INFO  log4jdbc.log4j2 -  com.zaxxer.hikari.pool.PoolBase.setupConnection(PoolBase.java:406)
3. Connection.getAutoCommit() returned true
19:43:02.927 [HikariPool-1 connection adder] INFO  log4jdbc.log4j2 -  com.zaxxer.hikari.util.DriverDataSource.getConnection(DriverDataSource.java:138)
4. Connection opened. {executed in 26ms} 
open connections:  1 2 3 4 (4)
19:43:02.927 [HikariPool-1 connection adder] INFO  log4jdbc.log4j2 -  com.zaxxer.hikari.util.DriverDataSource.getConnection(DriverDataSource.java:138)
4. Connection.new Connection returned 
19:43:02.927 [HikariPool-1 connection adder] INFO  log4jdbc.log4j2 -  com.zaxxer.hikari.pool.PoolBase.setupConnection(PoolBase.java:402)
4. Connection.isReadOnly() returned false
19:43:02.928 [HikariPool-1 connection adder] INFO  log4jdbc.log4j2 -  com.zaxxer.hikari.pool.PoolBase.setupConnection(PoolBase.java:406)
4. Connection.getAutoCommit() returned true
19:43:02.956 [HikariPool-1 connection adder] INFO  log4jdbc.log4j2 -  com.zaxxer.hikari.util.DriverDataSource.getConnection(DriverDataSource.java:138)
5. Connection opened. {executed in 28ms} 
open connections:  1 2 3 4 5 (5)
19:43:02.957 [HikariPool-1 connection adder] INFO  log4jdbc.log4j2 -  com.zaxxer.hikari.util.DriverDataSource.getConnection(DriverDataSource.java:138)
5. Connection.new Connection returned 
19:43:02.957 [HikariPool-1 connection adder] INFO  log4jdbc.log4j2 -  com.zaxxer.hikari.pool.PoolBase.setupConnection(PoolBase.java:402)
5. Connection.isReadOnly() returned false
19:43:02.957 [HikariPool-1 connection adder] INFO  log4jdbc.log4j2 -  com.zaxxer.hikari.pool.PoolBase.setupConnection(PoolBase.java:406)
5. Connection.getAutoCommit() returned true
19:43:02.980 [HikariPool-1 connection adder] INFO  log4jdbc.log4j2 -  com.zaxxer.hikari.util.DriverDataSource.getConnection(DriverDataSource.java:138)
6. Connection opened. {executed in 17ms} 
open connections:  1 2 3 4 5 6 (6)
19:43:02.980 [HikariPool-1 connection adder] INFO  log4jdbc.log4j2 -  com.zaxxer.hikari.util.DriverDataSource.getConnection(DriverDataSource.java:138)
6. Connection.new Connection returned 
19:43:02.980 [HikariPool-1 connection adder] INFO  log4jdbc.log4j2 -  com.zaxxer.hikari.pool.PoolBase.setupConnection(PoolBase.java:402)
6. Connection.isReadOnly() returned false
19:43:02.981 [HikariPool-1 connection adder] INFO  log4jdbc.log4j2 -  com.zaxxer.hikari.pool.PoolBase.setupConnection(PoolBase.java:406)
6. Connection.getAutoCommit() returned true
19:43:03.003 [HikariPool-1 connection adder] INFO  log4jdbc.log4j2 -  com.zaxxer.hikari.util.DriverDataSource.getConnection(DriverDataSource.java:138)
7. Connection opened. {executed in 22ms} 
open connections:  1 2 3 4 5 6 7 (7)
19:43:03.003 [HikariPool-1 connection adder] INFO  log4jdbc.log4j2 -  com.zaxxer.hikari.util.DriverDataSource.getConnection(DriverDataSource.java:138)
7. Connection.new Connection returned 
19:43:03.003 [HikariPool-1 connection adder] INFO  log4jdbc.log4j2 -  com.zaxxer.hikari.pool.PoolBase.setupConnection(PoolBase.java:402)
7. Connection.isReadOnly() returned false
19:43:03.003 [HikariPool-1 connection adder] INFO  log4jdbc.log4j2 -  com.zaxxer.hikari.pool.PoolBase.setupConnection(PoolBase.java:406)
7. Connection.getAutoCommit() returned true
19:43:03.031 [HikariPool-1 connection adder] INFO  log4jdbc.log4j2 -  com.zaxxer.hikari.util.DriverDataSource.getConnection(DriverDataSource.java:138)
8. Connection opened. {executed in 26ms} 
open connections:  1 2 3 4 5 6 7 8 (8)
19:43:03.031 [HikariPool-1 connection adder] INFO  log4jdbc.log4j2 -  com.zaxxer.hikari.util.DriverDataSource.getConnection(DriverDataSource.java:138)
8. Connection.new Connection returned 
19:43:03.031 [HikariPool-1 connection adder] INFO  log4jdbc.log4j2 -  com.zaxxer.hikari.pool.PoolBase.setupConnection(PoolBase.java:402)
8. Connection.isReadOnly() returned false
19:43:03.032 [HikariPool-1 connection adder] INFO  log4jdbc.log4j2 -  com.zaxxer.hikari.pool.PoolBase.setupConnection(PoolBase.java:406)
8. Connection.getAutoCommit() returned true
19:43:03.064 [HikariPool-1 connection adder] INFO  log4jdbc.log4j2 -  com.zaxxer.hikari.util.DriverDataSource.getConnection(DriverDataSource.java:138)
9. Connection opened. {executed in 32ms} 
open connections:  1 2 3 4 5 6 7 8 9 (9)
19:43:03.064 [HikariPool-1 connection adder] INFO  log4jdbc.log4j2 -  com.zaxxer.hikari.util.DriverDataSource.getConnection(DriverDataSource.java:138)
9. Connection.new Connection returned 
19:43:03.064 [HikariPool-1 connection adder] INFO  log4jdbc.log4j2 -  com.zaxxer.hikari.pool.PoolBase.setupConnection(PoolBase.java:402)
9. Connection.isReadOnly() returned false
19:43:03.064 [HikariPool-1 connection adder] INFO  log4jdbc.log4j2 -  com.zaxxer.hikari.pool.PoolBase.setupConnection(PoolBase.java:406)
9. Connection.getAutoCommit() returned true
19:43:03.102 [HikariPool-1 connection adder] INFO  log4jdbc.log4j2 -  com.zaxxer.hikari.util.DriverDataSource.getConnection(DriverDataSource.java:138)
10. Connection opened. {executed in 37ms} 
open connections:  1 2 3 4 5 6 7 8 9 10 (10)
19:43:03.102 [HikariPool-1 connection adder] INFO  log4jdbc.log4j2 -  com.zaxxer.hikari.util.DriverDataSource.getConnection(DriverDataSource.java:138)
10. Connection.new Connection returned 
19:43:03.102 [HikariPool-1 connection adder] INFO  log4jdbc.log4j2 -  com.zaxxer.hikari.pool.PoolBase.setupConnection(PoolBase.java:402)
10. Connection.isReadOnly() returned false
19:43:03.102 [HikariPool-1 connection adder] INFO  log4jdbc.log4j2 -  com.zaxxer.hikari.pool.PoolBase.setupConnection(PoolBase.java:406)
10. Connection.getAutoCommit() returned true
19:43:03.391 [main] INFO  kr.jungang.dive.user.service.UserServiceTests - assertNotNull Message: kr.jungang.dive.user.service.UserServiceImpl@7edb6fca
19:43:03.395 [main] INFO  kr.jungang.dive.user.service.UserServiceTests - check0
19:43:03.421 [main] INFO  log4jdbc.log4j2 -  com.zaxxer.hikari.pool.PoolBase.isConnectionAlive(PoolBase.java:161)
1. Connection.isValid(5) returned true
19:43:03.424 [main] INFO  log4jdbc.log4j2 -  com.zaxxer.hikari.pool.HikariProxyConnection.getAutoCommit(HikariProxyConnection.java:-1)
1. Connection.getAutoCommit() returned true
19:43:03.618 [main] INFO  log4jdbc.log4j2 -  com.zaxxer.hikari.pool.ProxyConnection.prepareStatement(ProxyConnection.java:337)
1. PreparedStatement.new PreparedStatement returned 
19:43:03.618 [main] INFO  log4jdbc.log4j2 -  com.zaxxer.hikari.pool.ProxyConnection.prepareStatement(ProxyConnection.java:337)
1. Connection.prepareStatement(SELECT seq_user.NEXTVAL FROM dual) returned net.sf.log4jdbc.sql.jdbcapi.PreparedStatementSpy@747835f5
19:43:03.684 [main] INFO  log4jdbc.log4j2 -  com.zaxxer.hikari.pool.ProxyPreparedStatement.execute(ProxyPreparedStatement.java:44)
1. SELECT seq_user.NEXTVAL FROM dual  {executed in 62 ms}
19:43:03.686 [main] INFO  log4jdbc.log4j2 -  com.zaxxer.hikari.pool.ProxyPreparedStatement.execute(ProxyPreparedStatement.java:44)
1. PreparedStatement.execute() returned true
19:43:03.697 [main] INFO  log4jdbc.log4j2 -  com.zaxxer.hikari.pool.ProxyStatement.getResultSet(ProxyStatement.java:214)
1. ResultSet.new ResultSet returned 
19:43:03.697 [main] INFO  log4jdbc.log4j2 -  com.zaxxer.hikari.pool.ProxyStatement.getResultSet(ProxyStatement.java:214)
1. PreparedStatement.getResultSet() returned net.sf.log4jdbc.sql.jdbcapi.ResultSetSpy@4fa86cb8
19:43:03.704 [main] INFO  log4jdbc.log4j2 -  com.zaxxer.hikari.pool.HikariProxyResultSet.getMetaData(HikariProxyResultSet.java:-1)
1. ResultSet.getMetaData() returned oracle.jdbc.driver.OracleResultSetMetaData@59018eed
19:43:03.706 [main] INFO  log4jdbc.log4j2 -  com.zaxxer.hikari.pool.HikariProxyResultSet.getType(HikariProxyResultSet.java:-1)
1. ResultSet.getType() returned 1003
19:43:03.706 [main] INFO  log4jdbc.log4j2 -  com.zaxxer.hikari.pool.HikariProxyResultSet.isClosed(HikariProxyResultSet.java:-1)
1. ResultSet.isClosed() returned false
19:43:03.706 [main] INFO  log4jdbc.log4j2 -  com.zaxxer.hikari.pool.HikariProxyResultSet.next(HikariProxyResultSet.java:-1)
1. ResultSet.next() returned true
19:43:03.708 [main] INFO  log4jdbc.log4j2 -  com.zaxxer.hikari.pool.HikariProxyResultSet.getLong(HikariProxyResultSet.java:-1)
1. ResultSet.getLong(NEXTVAL) returned 11
19:43:03.709 [main] INFO  log4jdbc.log4j2 -  com.zaxxer.hikari.pool.HikariProxyResultSet.isClosed(HikariProxyResultSet.java:-1)
1. ResultSet.isClosed() returned false
19:43:03.712 [main] INFO  log4jdbc.log4j2 - 
|--------|
|nextval |
|--------|
|11      |
|--------|

19:43:03.713 [main] INFO  log4jdbc.log4j2 -  com.zaxxer.hikari.pool.HikariProxyResultSet.next(HikariProxyResultSet.java:-1)
1. ResultSet.next() returned false
19:43:03.713 [main] INFO  log4jdbc.log4j2 -  com.zaxxer.hikari.pool.HikariProxyResultSet.close(HikariProxyResultSet.java:-1)
1. ResultSet.close() returned void
19:43:03.713 [main] INFO  log4jdbc.log4j2 -  com.zaxxer.hikari.pool.ProxyConnection.getMetaData(ProxyConnection.java:380)
1. Connection.getMetaData() returned oracle.jdbc.driver.OracleDatabaseMetaData@650aa077
19:43:03.728 [main] INFO  log4jdbc.log4j2 -  com.zaxxer.hikari.pool.ProxyStatement.close(ProxyStatement.java:76)
1. PreparedStatement.close() returned 
19:43:03.730 [main] INFO  log4jdbc.log4j2 -  com.zaxxer.hikari.pool.ProxyConnection.prepareStatement(ProxyConnection.java:337)
1. PreparedStatement.new PreparedStatement returned 
19:43:03.730 [main] INFO  log4jdbc.log4j2 -  com.zaxxer.hikari.pool.ProxyConnection.prepareStatement(ProxyConnection.java:337)
1. Connection.prepareStatement(INSERT INTO tbl_user (
							  user_num, id, password, name, sex, birthday,
		 					  address, phone, email
		 					  )
		
			 VALUES (
			  		 ?,?,?,?,
					 ?,?,?,
					 ?,?
					 )) returned net.sf.log4jdbc.sql.jdbcapi.PreparedStatementSpy@126f8f24
19:43:03.732 [main] INFO  log4jdbc.log4j2 -  com.zaxxer.hikari.pool.HikariProxyPreparedStatement.setLong(HikariProxyPreparedStatement.java:-1)
1. PreparedStatement.setLong(1, 11) returned 
19:43:03.734 [main] INFO  log4jdbc.log4j2 -  com.zaxxer.hikari.pool.HikariProxyPreparedStatement.setString(HikariProxyPreparedStatement.java:-1)
1. PreparedStatement.setString(2, "joker") returned 
19:43:03.736 [main] INFO  log4jdbc.log4j2 -  com.zaxxer.hikari.pool.HikariProxyPreparedStatement.setString(HikariProxyPreparedStatement.java:-1)
1. PreparedStatement.setString(3, "joker") returned 
19:43:03.736 [main] INFO  log4jdbc.log4j2 -  com.zaxxer.hikari.pool.HikariProxyPreparedStatement.setString(HikariProxyPreparedStatement.java:-1)
1. PreparedStatement.setString(4, "a") returned 
19:43:03.740 [main] INFO  log4jdbc.log4j2 -  com.zaxxer.hikari.pool.HikariProxyPreparedStatement.setString(HikariProxyPreparedStatement.java:-1)
1. PreparedStatement.setString(5, "a") returned 
19:43:03.745 [main] INFO  log4jdbc.log4j2 -  com.zaxxer.hikari.pool.HikariProxyPreparedStatement.setString(HikariProxyPreparedStatement.java:-1)
1. PreparedStatement.setString(6, "123156") returned 
19:43:03.746 [main] INFO  log4jdbc.log4j2 -  com.zaxxer.hikari.pool.HikariProxyPreparedStatement.setString(HikariProxyPreparedStatement.java:-1)
1. PreparedStatement.setString(7, "a") returned 
19:43:03.746 [main] INFO  log4jdbc.log4j2 -  com.zaxxer.hikari.pool.HikariProxyPreparedStatement.setString(HikariProxyPreparedStatement.java:-1)
1. PreparedStatement.setString(8, "a") returned 
19:43:03.747 [main] INFO  log4jdbc.log4j2 -  com.zaxxer.hikari.pool.HikariProxyPreparedStatement.setString(HikariProxyPreparedStatement.java:-1)
1. PreparedStatement.setString(9, "a") returned 
19:43:03.749 [main] INFO  log4jdbc.log4j2 -  com.zaxxer.hikari.pool.ProxyPreparedStatement.execute(ProxyPreparedStatement.java:44)
1. INSERT INTO tbl_user ( user_num, id, password, name, sex, birthday, address, phone, email ) 
VALUES ( 11,'joker','joker','a', 'a','123156','a', 'a','a' )  {executed in 2 ms}
19:43:03.750 [main] INFO  log4jdbc.log4j2 -  com.zaxxer.hikari.pool.ProxyPreparedStatement.execute(ProxyPreparedStatement.java:44)
1. PreparedStatement.execute() returned false
19:43:03.750 [main] INFO  log4jdbc.log4j2 -  com.zaxxer.hikari.pool.HikariProxyPreparedStatement.getUpdateCount(HikariProxyPreparedStatement.java:-1)
1. PreparedStatement.getUpdateCount() returned 1
19:43:03.751 [main] INFO  log4jdbc.log4j2 -  com.zaxxer.hikari.pool.ProxyStatement.close(ProxyStatement.java:76)
1. PreparedStatement.close() returned 
19:43:03.756 [main] INFO  log4jdbc.log4j2 -  com.zaxxer.hikari.pool.ProxyConnection.close(ProxyConnection.java:267)
1. Connection.clearWarnings() returned 
19:43:03.757 [main] INFO  log4jdbc.log4j2 -  com.zaxxer.hikari.pool.HikariProxyConnection.getAutoCommit(HikariProxyConnection.java:-1)
1. Connection.getAutoCommit() returned true
19:43:03.757 [main] INFO  log4jdbc.log4j2 -  com.zaxxer.hikari.pool.ProxyConnection.prepareStatement(ProxyConnection.java:337)
1. PreparedStatement.new PreparedStatement returned 
19:43:03.757 [main] INFO  log4jdbc.log4j2 -  com.zaxxer.hikari.pool.ProxyConnection.prepareStatement(ProxyConnection.java:337)
1. Connection.prepareStatement(INSERT INTO tbl_authorities (user_num, authority)
		VALUES (?,?)) returned net.sf.log4jdbc.sql.jdbcapi.PreparedStatementSpy@19ae2ee5
19:43:03.758 [main] INFO  log4jdbc.log4j2 -  com.zaxxer.hikari.pool.HikariProxyPreparedStatement.setLong(HikariProxyPreparedStatement.java:-1)
1. PreparedStatement.setLong(1, 11) returned 
19:43:03.758 [main] INFO  log4jdbc.log4j2 -  com.zaxxer.hikari.pool.HikariProxyPreparedStatement.setString(HikariProxyPreparedStatement.java:-1)
1. PreparedStatement.setString(2, "ROLE_MEMBER") returned 
19:43:03.759 [main] INFO  log4jdbc.log4j2 -  com.zaxxer.hikari.pool.ProxyPreparedStatement.execute(ProxyPreparedStatement.java:44)
1. INSERT INTO tbl_authorities (user_num, authority) VALUES (11,'ROLE_MEMBER')  {executed in 1 ms}
19:43:03.759 [main] INFO  log4jdbc.log4j2 -  com.zaxxer.hikari.pool.ProxyPreparedStatement.execute(ProxyPreparedStatement.java:44)
1. PreparedStatement.execute() returned false
19:43:03.759 [main] INFO  log4jdbc.log4j2 -  com.zaxxer.hikari.pool.HikariProxyPreparedStatement.getUpdateCount(HikariProxyPreparedStatement.java:-1)
1. PreparedStatement.getUpdateCount() returned 1
19:43:03.760 [main] INFO  log4jdbc.log4j2 -  com.zaxxer.hikari.pool.ProxyStatement.close(ProxyStatement.java:76)
1. PreparedStatement.close() returned 
19:43:03.760 [main] INFO  log4jdbc.log4j2 -  com.zaxxer.hikari.pool.ProxyConnection.close(ProxyConnection.java:267)
1. Connection.clearWarnings() returned 
19:43:03.760 [main] INFO  kr.jungang.dive.user.service.UserServiceTests - success!11
19:43:03.762 [main] INFO  log4jdbc.log4j2 -  com.zaxxer.hikari.pool.HikariProxyConnection.getAutoCommit(HikariProxyConnection.java:-1)
1. Connection.getAutoCommit() returned true
19:43:03.762 [main] INFO  log4jdbc.log4j2 -  com.zaxxer.hikari.pool.ProxyConnection.prepareStatement(ProxyConnection.java:337)
1. PreparedStatement.new PreparedStatement returned 
19:43:03.763 [main] INFO  log4jdbc.log4j2 -  com.zaxxer.hikari.pool.ProxyConnection.prepareStatement(ProxyConnection.java:337)
1. Connection.prepareStatement(SELECT u.user_num, u.id, u.password, u.name, u.sex, u.birthday, u.address, u.phone, u.email, a.*
  		  FROM tbl_user u left outer join tbl_authorities a on u.user_num = a.user_num
		 WHERE u.id = ?) returned net.sf.log4jdbc.sql.jdbcapi.PreparedStatementSpy@44b940a2
19:43:03.763 [main] INFO  log4jdbc.log4j2 -  com.zaxxer.hikari.pool.HikariProxyPreparedStatement.setString(HikariProxyPreparedStatement.java:-1)
1. PreparedStatement.setString(1, "a") returned 
19:43:03.783 [main] INFO  log4jdbc.log4j2 -  com.zaxxer.hikari.pool.ProxyPreparedStatement.execute(ProxyPreparedStatement.java:44)
1. SELECT u.user_num, u.id, u.password, u.name, u.sex, u.birthday, u.address, u.phone, u.email, 
a.* FROM tbl_user u left outer join tbl_authorities a on u.user_num = a.user_num WHERE u.id 
= 'a'  {executed in 20 ms}
19:43:03.784 [main] INFO  log4jdbc.log4j2 -  com.zaxxer.hikari.pool.ProxyPreparedStatement.execute(ProxyPreparedStatement.java:44)
1. PreparedStatement.execute() returned true
19:43:03.785 [main] INFO  log4jdbc.log4j2 -  com.zaxxer.hikari.pool.ProxyStatement.getResultSet(ProxyStatement.java:214)
1. ResultSet.new ResultSet returned 
19:43:03.785 [main] INFO  log4jdbc.log4j2 -  com.zaxxer.hikari.pool.ProxyStatement.getResultSet(ProxyStatement.java:214)
1. PreparedStatement.getResultSet() returned net.sf.log4jdbc.sql.jdbcapi.ResultSetSpy@2d28fb02
19:43:03.785 [main] INFO  log4jdbc.log4j2 -  com.zaxxer.hikari.pool.HikariProxyResultSet.getMetaData(HikariProxyResultSet.java:-1)
1. ResultSet.getMetaData() returned oracle.jdbc.driver.OracleResultSetMetaData@6db328f8
19:43:03.788 [main] INFO  log4jdbc.log4j2 -  com.zaxxer.hikari.pool.HikariProxyResultSet.getType(HikariProxyResultSet.java:-1)
1. ResultSet.getType() returned 1003
19:43:03.797 [main] INFO  log4jdbc.log4j2 -  com.zaxxer.hikari.pool.HikariProxyResultSet.isClosed(HikariProxyResultSet.java:-1)
1. ResultSet.isClosed() returned false
19:43:03.808 [main] INFO  log4jdbc.log4j2 -  com.zaxxer.hikari.pool.HikariProxyResultSet.next(HikariProxyResultSet.java:-1)
1. ResultSet.next() returned true
19:43:03.809 [main] INFO  log4jdbc.log4j2 -  com.zaxxer.hikari.pool.HikariProxyResultSet.getLong(HikariProxyResultSet.java:-1)
1. ResultSet.getLong(user_num) returned 2
19:43:03.809 [main] INFO  log4jdbc.log4j2 -  com.zaxxer.hikari.pool.HikariProxyResultSet.getLong(HikariProxyResultSet.java:-1)
1. ResultSet.getLong(user_num) returned 2
19:43:03.809 [main] INFO  log4jdbc.log4j2 -  com.zaxxer.hikari.pool.HikariProxyResultSet.getString(HikariProxyResultSet.java:-1)
1. ResultSet.getString(id) returned a
19:43:03.811 [main] INFO  log4jdbc.log4j2 -  com.zaxxer.hikari.pool.HikariProxyResultSet.getString(HikariProxyResultSet.java:-1)
1. ResultSet.getString(password) returned $2a$10$QKGgiBi..1n16cnsWfxJFuB/Q.nUvsl6i7gicmbp7/b4YJI0Ogj4q
19:43:03.812 [main] INFO  log4jdbc.log4j2 -  com.zaxxer.hikari.pool.HikariProxyResultSet.getString(HikariProxyResultSet.java:-1)
1. ResultSet.getString(name) returned a
19:43:03.813 [main] INFO  log4jdbc.log4j2 -  com.zaxxer.hikari.pool.HikariProxyResultSet.getString(HikariProxyResultSet.java:-1)
1. ResultSet.getString(sex) returned F
19:43:03.813 [main] INFO  log4jdbc.log4j2 -  com.zaxxer.hikari.pool.HikariProxyResultSet.getString(HikariProxyResultSet.java:-1)
1. ResultSet.getString(birthday) returned a
19:43:03.814 [main] INFO  log4jdbc.log4j2 -  com.zaxxer.hikari.pool.HikariProxyResultSet.getString(HikariProxyResultSet.java:-1)
1. ResultSet.getString(address) returned aa
19:43:03.814 [main] INFO  log4jdbc.log4j2 -  com.zaxxer.hikari.pool.HikariProxyResultSet.getString(HikariProxyResultSet.java:-1)
1. ResultSet.getString(phone) returned a
19:43:03.815 [main] INFO  log4jdbc.log4j2 -  com.zaxxer.hikari.pool.HikariProxyResultSet.getString(HikariProxyResultSet.java:-1)
1. ResultSet.getString(email) returned a
19:43:03.815 [main] INFO  log4jdbc.log4j2 -  com.zaxxer.hikari.pool.HikariProxyResultSet.getLong(HikariProxyResultSet.java:-1)
1. ResultSet.getLong(user_num) returned 2
19:43:03.817 [main] INFO  log4jdbc.log4j2 -  com.zaxxer.hikari.pool.HikariProxyResultSet.getString(HikariProxyResultSet.java:-1)
1. ResultSet.getString(authority) returned ROLE_MEMBER
19:43:03.818 [main] INFO  log4jdbc.log4j2 -  com.zaxxer.hikari.pool.HikariProxyResultSet.getLong(HikariProxyResultSet.java:-1)
1. ResultSet.getLong(user_num) returned 2
19:43:03.819 [main] INFO  log4jdbc.log4j2 -  com.zaxxer.hikari.pool.HikariProxyResultSet.getString(HikariProxyResultSet.java:-1)
1. ResultSet.getString(authority) returned ROLE_MEMBER
19:43:03.820 [main] INFO  log4jdbc.log4j2 -  com.zaxxer.hikari.pool.HikariProxyResultSet.isClosed(HikariProxyResultSet.java:-1)
1. ResultSet.isClosed() returned false
19:43:03.833 [main] INFO  log4jdbc.log4j2 - 
|---------|---|-------------------------------------------------------------|-----|----|---------|--------|------|------|---------|------------|
|user_num |id |password                                                     |name |sex |birthday |address |phone |email |user_num |authority   |
|---------|---|-------------------------------------------------------------|-----|----|---------|--------|------|------|---------|------------|
|2        |a  |$2a$10$QKGgiBi..1n16cnsWfxJFuB/Q.nUvsl6i7gicmbp7/b4YJI0Ogj4q |a    |F   |a        |aa      |a     |a     |2        |ROLE_MEMBER |
|---------|---|-------------------------------------------------------------|-----|----|---------|--------|------|------|---------|------------|

19:43:03.834 [main] INFO  log4jdbc.log4j2 -  com.zaxxer.hikari.pool.HikariProxyResultSet.next(HikariProxyResultSet.java:-1)
1. ResultSet.next() returned false
19:43:03.834 [main] INFO  log4jdbc.log4j2 -  com.zaxxer.hikari.pool.HikariProxyResultSet.close(HikariProxyResultSet.java:-1)
1. ResultSet.close() returned void
19:43:03.835 [main] INFO  log4jdbc.log4j2 -  com.zaxxer.hikari.pool.ProxyConnection.getMetaData(ProxyConnection.java:380)
1. Connection.getMetaData() returned oracle.jdbc.driver.OracleDatabaseMetaData@650aa077
19:43:03.835 [main] INFO  log4jdbc.log4j2 -  com.zaxxer.hikari.pool.ProxyStatement.close(ProxyStatement.java:76)
1. PreparedStatement.close() returned 
19:43:03.835 [main] INFO  log4jdbc.log4j2 -  com.zaxxer.hikari.pool.ProxyConnection.close(ProxyConnection.java:267)
1. Connection.clearWarnings() returned 
19:43:03.836 [main] INFO  kr.jungang.dive.user.service.UserServiceTests - UserDTO(userNum=2, id=a, password=$2a$10$QKGgiBi..1n16cnsWfxJFuB/Q.nUvsl6i7gicmbp7/b4YJI0Ogj4q, name=a, sex=F, birthday=a, address=aa, phone=a, email=a, regDate=null, updateDate=null, enabled=false, authorityList=[AuthorityVO(userNum=2, authority=ROLE_MEMBER)])
19:43:03.838 [main] INFO  log4jdbc.log4j2 -  com.zaxxer.hikari.pool.HikariProxyConnection.getAutoCommit(HikariProxyConnection.java:-1)
1. Connection.getAutoCommit() returned true
19:43:03.839 [main] INFO  log4jdbc.log4j2 -  com.zaxxer.hikari.pool.ProxyConnection.prepareStatement(ProxyConnection.java:337)
1. PreparedStatement.new PreparedStatement returned 
19:43:03.853 [main] INFO  log4jdbc.log4j2 -  com.zaxxer.hikari.pool.ProxyConnection.prepareStatement(ProxyConnection.java:337)
1. Connection.prepareStatement(DELETE tbl_user
		  FROM tbl_user u INNER JOIN tbl_authorites a
		    ON u.user_num = a.user_num
		 WHERE u.id = ?) returned net.sf.log4jdbc.sql.jdbcapi.PreparedStatementSpy@2b877a54
19:43:03.854 [main] INFO  log4jdbc.log4j2 -  com.zaxxer.hikari.pool.HikariProxyPreparedStatement.setString(HikariProxyPreparedStatement.java:-1)
1. PreparedStatement.setString(1, "xx") returned 
19:43:03.858 [main] ERROR log4jdbc.log4j2 -  com.zaxxer.hikari.pool.ProxyPreparedStatement.execute(ProxyPreparedStatement.java:44)
1. DELETE tbl_user FROM tbl_user u INNER JOIN tbl_authorites a ON u.user_num = a.user_num WHERE 
u.id = 'xx'  {FAILED after 3 ms}
java.sql.SQLSyntaxErrorException: ORA-00933: SQL 명령어가 올바르게 종료되지 않았습니다

	at oracle.jdbc.driver.T4CTTIoer11.processError(T4CTTIoer11.java:494) ~[ojdbc8.jar:18.3.0.0.0]
	at oracle.jdbc.driver.T4CTTIoer11.processError(T4CTTIoer11.java:446) ~[ojdbc8.jar:18.3.0.0.0]
	at oracle.jdbc.driver.T4C8Oall.processError(T4C8Oall.java:1052) ~[ojdbc8.jar:18.3.0.0.0]
	at oracle.jdbc.driver.T4CTTIfun.receive(T4CTTIfun.java:537) ~[ojdbc8.jar:18.3.0.0.0]
	at oracle.jdbc.driver.T4CTTIfun.doRPC(T4CTTIfun.java:255) ~[ojdbc8.jar:18.3.0.0.0]
	at oracle.jdbc.driver.T4C8Oall.doOALL(T4C8Oall.java:610) ~[ojdbc8.jar:18.3.0.0.0]
	at oracle.jdbc.driver.T4CPreparedStatement.doOall8(T4CPreparedStatement.java:253) ~[ojdbc8.jar:18.3.0.0.0]
	at oracle.jdbc.driver.T4CPreparedStatement.doOall8(T4CPreparedStatement.java:86) ~[ojdbc8.jar:18.3.0.0.0]
	at oracle.jdbc.driver.T4CPreparedStatement.executeForRows(T4CPreparedStatement.java:928) ~[ojdbc8.jar:18.3.0.0.0]
	at oracle.jdbc.driver.OracleStatement.doExecuteWithTimeout(OracleStatement.java:1136) ~[ojdbc8.jar:18.3.0.0.0]
	at oracle.jdbc.driver.OraclePreparedStatement.executeInternal(OraclePreparedStatement.java:3640) ~[ojdbc8.jar:18.3.0.0.0]
	at oracle.jdbc.driver.T4CPreparedStatement.executeInternal(T4CPreparedStatement.java:1384) ~[ojdbc8.jar:18.3.0.0.0]
	at oracle.jdbc.driver.OraclePreparedStatement.execute(OraclePreparedStatement.java:3752) ~[ojdbc8.jar:18.3.0.0.0]
	at oracle.jdbc.driver.OraclePreparedStatementWrapper.execute(OraclePreparedStatementWrapper.java:1079) ~[ojdbc8.jar:18.3.0.0.0]
	at net.sf.log4jdbc.sql.jdbcapi.PreparedStatementSpy.execute(PreparedStatementSpy.java:443) [log4jdbc-log4j2-jdbc4.1-1.16.jar:?]
	at com.zaxxer.hikari.pool.ProxyPreparedStatement.execute(ProxyPreparedStatement.java:44) [HikariCP-3.4.5.jar:?]
	at com.zaxxer.hikari.pool.HikariProxyPreparedStatement.execute(HikariProxyPreparedStatement.java) [HikariCP-3.4.5.jar:?]
	at org.apache.ibatis.executor.statement.PreparedStatementHandler.update(PreparedStatementHandler.java:47) [mybatis-3.5.3.jar:3.5.3]
	at org.apache.ibatis.executor.statement.RoutingStatementHandler.update(RoutingStatementHandler.java:74) [mybatis-3.5.3.jar:3.5.3]
	at org.apache.ibatis.executor.SimpleExecutor.doUpdate(SimpleExecutor.java:50) [mybatis-3.5.3.jar:3.5.3]
	at org.apache.ibatis.executor.BaseExecutor.update(BaseExecutor.java:117) [mybatis-3.5.3.jar:3.5.3]
	at org.apache.ibatis.executor.CachingExecutor.update(CachingExecutor.java:76) [mybatis-3.5.3.jar:3.5.3]
	at org.apache.ibatis.session.defaults.DefaultSqlSession.update(DefaultSqlSession.java:197) [mybatis-3.5.3.jar:3.5.3]
	at org.apache.ibatis.session.defaults.DefaultSqlSession.delete(DefaultSqlSession.java:212) [mybatis-3.5.3.jar:3.5.3]
	at jdk.internal.reflect.NativeMethodAccessorImpl.invoke0(Native Method) ~[?:?]
	at jdk.internal.reflect.NativeMethodAccessorImpl.invoke(NativeMethodAccessorImpl.java:62) ~[?:?]
	at jdk.internal.reflect.DelegatingMethodAccessorImpl.invoke(DelegatingMethodAccessorImpl.java:43) ~[?:?]
	at java.lang.reflect.Method.invoke(Method.java:566) ~[?:?]
	at org.mybatis.spring.SqlSessionTemplate$SqlSessionInterceptor.invoke(SqlSessionTemplate.java:426) [mybatis-spring-2.0.3.jar:2.0.3]
	at com.sun.proxy.$Proxy43.delete(Unknown Source) [?:?]
	at org.mybatis.spring.SqlSessionTemplate.delete(SqlSessionTemplate.java:303) [mybatis-spring-2.0.3.jar:2.0.3]
	at org.apache.ibatis.binding.MapperMethod.execute(MapperMethod.java:72) [mybatis-3.5.3.jar:3.5.3]
	at org.apache.ibatis.binding.MapperProxy.invoke(MapperProxy.java:93) [mybatis-3.5.3.jar:3.5.3]
	at com.sun.proxy.$Proxy44.deleteUser(Unknown Source) [?:?]
	at kr.jungang.dive.user.service.UserServiceImpl.deleteUser(UserServiceImpl.java:43) [classes/:?]
	at kr.jungang.dive.user.service.UserServiceTests.test_05_deleteUserService(UserServiceTests.java:71) [test-classes/:?]
	at jdk.internal.reflect.NativeMethodAccessorImpl.invoke0(Native Method) ~[?:?]
	at jdk.internal.reflect.NativeMethodAccessorImpl.invoke(NativeMethodAccessorImpl.java:62) ~[?:?]
	at jdk.internal.reflect.DelegatingMethodAccessorImpl.invoke(DelegatingMethodAccessorImpl.java:43) ~[?:?]
	at java.lang.reflect.Method.invoke(Method.java:566) ~[?:?]
	at org.junit.runners.model.FrameworkMethod$1.runReflectiveCall(FrameworkMethod.java:50) [junit-4.12.jar:4.12]
	at org.junit.internal.runners.model.ReflectiveCallable.run(ReflectiveCallable.java:12) [junit-4.12.jar:4.12]
	at org.junit.runners.model.FrameworkMethod.invokeExplosively(FrameworkMethod.java:47) [junit-4.12.jar:4.12]
	at org.junit.internal.runners.statements.InvokeMethod.evaluate(InvokeMethod.java:17) [junit-4.12.jar:4.12]
	at org.springframework.test.context.junit4.statements.RunBeforeTestExecutionCallbacks.evaluate(RunBeforeTestExecutionCallbacks.java:74) [spring-test-5.2.5.RELEASE.jar:5.2.5.RELEASE]
	at org.springframework.test.context.junit4.statements.RunAfterTestExecutionCallbacks.evaluate(RunAfterTestExecutionCallbacks.java:84) [spring-test-5.2.5.RELEASE.jar:5.2.5.RELEASE]
	at org.springframework.test.context.junit4.statements.RunBeforeTestMethodCallbacks.evaluate(RunBeforeTestMethodCallbacks.java:75) [spring-test-5.2.5.RELEASE.jar:5.2.5.RELEASE]
	at org.springframework.test.context.junit4.statements.RunAfterTestMethodCallbacks.evaluate(RunAfterTestMethodCallbacks.java:86) [spring-test-5.2.5.RELEASE.jar:5.2.5.RELEASE]
	at org.springframework.test.context.junit4.statements.SpringRepeat.evaluate(SpringRepeat.java:84) [spring-test-5.2.5.RELEASE.jar:5.2.5.RELEASE]
	at org.junit.runners.ParentRunner.runLeaf(ParentRunner.java:325) [junit-4.12.jar:4.12]
	at org.springframework.test.context.junit4.SpringJUnit4ClassRunner.runChild(SpringJUnit4ClassRunner.java:251) [spring-test-5.2.5.RELEASE.jar:5.2.5.RELEASE]
	at org.springframework.test.context.junit4.SpringJUnit4ClassRunner.runChild(SpringJUnit4ClassRunner.java:97) [spring-test-5.2.5.RELEASE.jar:5.2.5.RELEASE]
	at org.junit.runners.ParentRunner$3.run(ParentRunner.java:290) [junit-4.12.jar:4.12]
	at org.junit.runners.ParentRunner$1.schedule(ParentRunner.java:71) [junit-4.12.jar:4.12]
	at org.junit.runners.ParentRunner.runChildren(ParentRunner.java:288) [junit-4.12.jar:4.12]
	at org.junit.runners.ParentRunner.access$000(ParentRunner.java:58) [junit-4.12.jar:4.12]
	at org.junit.runners.ParentRunner$2.evaluate(ParentRunner.java:268) [junit-4.12.jar:4.12]
	at org.springframework.test.context.junit4.statements.RunBeforeTestClassCallbacks.evaluate(RunBeforeTestClassCallbacks.java:61) [spring-test-5.2.5.RELEASE.jar:5.2.5.RELEASE]
	at org.springframework.test.context.junit4.statements.RunAfterTestClassCallbacks.evaluate(RunAfterTestClassCallbacks.java:70) [spring-test-5.2.5.RELEASE.jar:5.2.5.RELEASE]
	at org.junit.runners.ParentRunner.run(ParentRunner.java:363) [junit-4.12.jar:4.12]
	at org.springframework.test.context.junit4.SpringJUnit4ClassRunner.run(SpringJUnit4ClassRunner.java:190) [spring-test-5.2.5.RELEASE.jar:5.2.5.RELEASE]
	at org.eclipse.jdt.internal.junit4.runner.JUnit4TestReference.run(JUnit4TestReference.java:89) [.cp/:?]
	at org.eclipse.jdt.internal.junit.runner.TestExecution.run(TestExecution.java:41) [.cp/:?]
	at org.eclipse.jdt.internal.junit.runner.RemoteTestRunner.runTests(RemoteTestRunner.java:541) [.cp/:?]
	at org.eclipse.jdt.internal.junit.runner.RemoteTestRunner.runTests(RemoteTestRunner.java:763) [.cp/:?]
	at org.eclipse.jdt.internal.junit.runner.RemoteTestRunner.run(RemoteTestRunner.java:463) [.cp/:?]
	at org.eclipse.jdt.internal.junit.runner.RemoteTestRunner.main(RemoteTestRunner.java:209) [.cp/:?]
Caused by: oracle.jdbc.OracleDatabaseException: ORA-00933: SQL 명령어가 올바르게 종료되지 않았습니다

	at oracle.jdbc.driver.T4CTTIoer11.processError(T4CTTIoer11.java:498) ~[ojdbc8.jar:18.3.0.0.0]
	... 66 more
19:43:03.893 [main] INFO  log4jdbc.log4j2 -  com.zaxxer.hikari.pool.ProxyStatement.close(ProxyStatement.java:76)
1. PreparedStatement.close() returned 
19:43:03.895 [main] INFO  log4jdbc.log4j2 -  com.zaxxer.hikari.pool.ProxyConnection.close(ProxyConnection.java:267)
1. Connection.clearWarnings() returned 
19:43:04.018 [main] INFO  log4jdbc.log4j2 -  com.zaxxer.hikari.pool.ProxyConnection.getMetaData(ProxyConnection.java:380)
1. Connection.getMetaData() returned oracle.jdbc.driver.OracleDatabaseMetaData@650aa077
19:43:04.020 [main] INFO  log4jdbc.log4j2 -  com.zaxxer.hikari.pool.ProxyConnection.close(ProxyConnection.java:267)
1. Connection.clearWarnings() returned 
19:43:04.102 [HikariPool-1 connection closer] INFO  log4jdbc.log4j2 -  com.zaxxer.hikari.pool.PoolBase.quietlyCloseConnection(PoolBase.java:143)
1. Connection closed. {executed in 3ms} 
open connections:  2 3 4 5 6 7 8 9 10 (9)
19:43:04.103 [HikariPool-1 connection closer] INFO  log4jdbc.log4j2 -  com.zaxxer.hikari.pool.PoolBase.quietlyCloseConnection(PoolBase.java:143)
1. Connection.close() returned 
19:43:04.137 [HikariPool-1 connection closer] INFO  log4jdbc.log4j2 -  com.zaxxer.hikari.pool.PoolBase.quietlyCloseConnection(PoolBase.java:143)
2. Connection closed. {executed in 34ms} 
open connections:  3 4 5 6 7 8 9 10 (8)
19:43:04.138 [HikariPool-1 connection closer] INFO  log4jdbc.log4j2 -  com.zaxxer.hikari.pool.PoolBase.quietlyCloseConnection(PoolBase.java:143)
2. Connection.close() returned 
19:43:04.171 [HikariPool-1 connection closer] INFO  log4jdbc.log4j2 -  com.zaxxer.hikari.pool.PoolBase.quietlyCloseConnection(PoolBase.java:143)
3. Connection closed. {executed in 33ms} 
open connections:  4 5 6 7 8 9 10 (7)
19:43:04.171 [HikariPool-1 connection closer] INFO  log4jdbc.log4j2 -  com.zaxxer.hikari.pool.PoolBase.quietlyCloseConnection(PoolBase.java:143)
3. Connection.close() returned 
19:43:04.173 [HikariPool-1 connection closer] INFO  log4jdbc.log4j2 -  com.zaxxer.hikari.pool.PoolBase.quietlyCloseConnection(PoolBase.java:143)
4. Connection closed. {executed in 2ms} 
open connections:  5 6 7 8 9 10 (6)
19:43:04.173 [HikariPool-1 connection closer] INFO  log4jdbc.log4j2 -  com.zaxxer.hikari.pool.PoolBase.quietlyCloseConnection(PoolBase.java:143)
4. Connection.close() returned 
19:43:04.174 [HikariPool-1 connection closer] INFO  log4jdbc.log4j2 -  com.zaxxer.hikari.pool.PoolBase.quietlyCloseConnection(PoolBase.java:143)
5. Connection closed. {executed in 1ms} 
open connections:  6 7 8 9 10 (5)
19:43:04.175 [HikariPool-1 connection closer] INFO  log4jdbc.log4j2 -  com.zaxxer.hikari.pool.PoolBase.quietlyCloseConnection(PoolBase.java:143)
5. Connection.close() returned 
19:43:04.176 [HikariPool-1 connection closer] INFO  log4jdbc.log4j2 -  com.zaxxer.hikari.pool.PoolBase.quietlyCloseConnection(PoolBase.java:143)
6. Connection closed. {executed in 1ms} 
open connections:  7 8 9 10 (4)
19:43:04.176 [HikariPool-1 connection closer] INFO  log4jdbc.log4j2 -  com.zaxxer.hikari.pool.PoolBase.quietlyCloseConnection(PoolBase.java:143)
6. Connection.close() returned 
19:43:04.178 [HikariPool-1 connection closer] INFO  log4jdbc.log4j2 -  com.zaxxer.hikari.pool.PoolBase.quietlyCloseConnection(PoolBase.java:143)
7. Connection closed. {executed in 2ms} 
open connections:  8 9 10 (3)
19:43:04.179 [HikariPool-1 connection closer] INFO  log4jdbc.log4j2 -  com.zaxxer.hikari.pool.PoolBase.quietlyCloseConnection(PoolBase.java:143)
7. Connection.close() returned 
19:43:04.180 [HikariPool-1 connection closer] INFO  log4jdbc.log4j2 -  com.zaxxer.hikari.pool.PoolBase.quietlyCloseConnection(PoolBase.java:143)
8. Connection closed. {executed in 1ms} 
open connections:  9 10 (2)
19:43:04.181 [HikariPool-1 connection closer] INFO  log4jdbc.log4j2 -  com.zaxxer.hikari.pool.PoolBase.quietlyCloseConnection(PoolBase.java:143)
8. Connection.close() returned 
19:43:04.182 [HikariPool-1 connection closer] INFO  log4jdbc.log4j2 -  com.zaxxer.hikari.pool.PoolBase.quietlyCloseConnection(PoolBase.java:143)
9. Connection closed. {executed in 1ms} 
open connections:  10 (1)
19:43:04.183 [HikariPool-1 connection closer] INFO  log4jdbc.log4j2 -  com.zaxxer.hikari.pool.PoolBase.quietlyCloseConnection(PoolBase.java:143)
9. Connection.close() returned 
19:43:04.185 [HikariPool-1 connection closer] INFO  log4jdbc.log4j2 -  com.zaxxer.hikari.pool.PoolBase.quietlyCloseConnection(PoolBase.java:143)
10. Connection closed. {executed in 1ms} 
open connections:  none
19:43:04.185 [HikariPool-1 connection closer] INFO  log4jdbc.log4j2 -  com.zaxxer.hikari.pool.PoolBase.quietlyCloseConnection(PoolBase.java:143)
10. Connection.close() returned 
