17:48:34.853 [main] DEBUG org.mybatis.spring.mapper.ClassPathMapperScanner - Identified candidate component class: file [C:\DevSpace\Project_DIVE\DIVE\target\classes\kr\jungang\dive\user\persistence\UserMapper.class]
17:48:35.007 [main] DEBUG log4jdbc.debug - log4jdbc-logj2 properties initialization...
17:48:35.007 [main] DEBUG log4jdbc.debug - Using logger: null
17:48:35.007 [main] DEBUG log4jdbc.debug - x log4jdbc.debug.stack.prefix is not defined
17:48:35.007 [main] DEBUG log4jdbc.debug - x log4jdbc.sqltiming.warn.threshold is not defined
17:48:35.008 [main] DEBUG log4jdbc.debug - x log4jdbc.sqltiming.error.threshold is not defined
17:48:35.008 [main] DEBUG log4jdbc.debug - x log4jdbc.dump.booleanastruefalse is not defined (using default value false)
17:48:35.008 [main] DEBUG log4jdbc.debug - x log4jdbc.dump.sql.maxlinelength is not defined (using default of 90)
17:48:35.008 [main] DEBUG log4jdbc.debug - x log4jdbc.dump.fulldebugstacktrace is not defined (using default value false)
17:48:35.008 [main] DEBUG log4jdbc.debug - x log4jdbc.statement.warn is not defined (using default value false)
17:48:35.009 [main] DEBUG log4jdbc.debug - x log4jdbc.dump.sql.select is not defined (using default value true)
17:48:35.009 [main] DEBUG log4jdbc.debug - x log4jdbc.dump.sql.insert is not defined (using default value true)
17:48:35.009 [main] DEBUG log4jdbc.debug - x log4jdbc.dump.sql.update is not defined (using default value true)
17:48:35.009 [main] DEBUG log4jdbc.debug - x log4jdbc.dump.sql.delete is not defined (using default value true)
17:48:35.009 [main] DEBUG log4jdbc.debug - x log4jdbc.dump.sql.create is not defined (using default value true)
17:48:35.009 [main] DEBUG log4jdbc.debug - x log4jdbc.dump.sql.addsemicolon is not defined (using default value false)
17:48:35.009 [main] DEBUG log4jdbc.debug - x log4jdbc.auto.load.popular.drivers is not defined (using default value true)
17:48:35.009 [main] DEBUG log4jdbc.debug - x log4jdbc.drivers is not defined
17:48:35.010 [main] DEBUG log4jdbc.debug - x log4jdbc.trim.sql is not defined (using default value true)
17:48:35.010 [main] DEBUG log4jdbc.debug - x log4jdbc.trim.sql.extrablanklines is not defined (using default value true)
17:48:35.010 [main] DEBUG log4jdbc.debug - x log4jdbc.suppress.generated.keys.exception is not defined (using default value false)
17:48:35.010 [main] DEBUG log4jdbc.debug - log4jdbc-logj2 properties initialization done.
17:48:35.010 [main] DEBUG log4jdbc.debug - DriverSpy intialization...
17:48:35.084 [main] DEBUG log4jdbc.debug -   FOUND DRIVER oracle.jdbc.OracleDriver
17:48:35.084 [main] DEBUG log4jdbc.debug -   FOUND DRIVER oracle.jdbc.driver.OracleDriver
17:48:35.086 [main] DEBUG log4jdbc.debug - DriverSpy intialization done.
17:48:35.466 [main] INFO  log4jdbc.log4j2 -  com.zaxxer.hikari.util.DriverDataSource.getConnection(DriverDataSource.java:138)
1. Connection opened. {executed in 337ms} 
open connections:  1 (1)
17:48:35.468 [main] INFO  log4jdbc.log4j2 -  com.zaxxer.hikari.util.DriverDataSource.getConnection(DriverDataSource.java:138)
1. Connection.new Connection returned 
17:48:35.468 [main] INFO  log4jdbc.log4j2 -  com.zaxxer.hikari.pool.PoolBase.getAndSetNetworkTimeout(PoolBase.java:526)
1. Connection.getNetworkTimeout() returned 0
17:48:35.469 [main] INFO  log4jdbc.log4j2 -  com.zaxxer.hikari.pool.PoolBase.setupConnection(PoolBase.java:402)
1. Connection.isReadOnly() returned false
17:48:35.469 [main] INFO  log4jdbc.log4j2 -  com.zaxxer.hikari.pool.PoolBase.setupConnection(PoolBase.java:406)
1. Connection.getAutoCommit() returned true
17:48:35.474 [main] INFO  log4jdbc.log4j2 -  com.zaxxer.hikari.pool.PoolBase.checkValidationSupport(PoolBase.java:458)
1. Connection.isValid(1) returned true
17:48:35.474 [main] INFO  log4jdbc.log4j2 -  com.zaxxer.hikari.pool.PoolBase.checkDefaultIsolation(PoolBase.java:479)
1. Connection.getTransactionIsolation() returned 2
17:48:35.609 [HikariPool-1 connection adder] INFO  log4jdbc.log4j2 -  com.zaxxer.hikari.util.DriverDataSource.getConnection(DriverDataSource.java:138)
2. Connection opened. {executed in 25ms} 
open connections:  1 2 (2)
17:48:35.610 [HikariPool-1 connection adder] INFO  log4jdbc.log4j2 -  com.zaxxer.hikari.util.DriverDataSource.getConnection(DriverDataSource.java:138)
2. Connection.new Connection returned 
17:48:35.610 [HikariPool-1 connection adder] INFO  log4jdbc.log4j2 -  com.zaxxer.hikari.pool.PoolBase.setupConnection(PoolBase.java:402)
2. Connection.isReadOnly() returned false
17:48:35.611 [HikariPool-1 connection adder] INFO  log4jdbc.log4j2 -  com.zaxxer.hikari.pool.PoolBase.setupConnection(PoolBase.java:406)
2. Connection.getAutoCommit() returned true
17:48:35.648 [HikariPool-1 connection adder] INFO  log4jdbc.log4j2 -  com.zaxxer.hikari.util.DriverDataSource.getConnection(DriverDataSource.java:138)
3. Connection opened. {executed in 37ms} 
open connections:  1 2 3 (3)
17:48:35.649 [HikariPool-1 connection adder] INFO  log4jdbc.log4j2 -  com.zaxxer.hikari.util.DriverDataSource.getConnection(DriverDataSource.java:138)
3. Connection.new Connection returned 
17:48:35.649 [HikariPool-1 connection adder] INFO  log4jdbc.log4j2 -  com.zaxxer.hikari.pool.PoolBase.setupConnection(PoolBase.java:402)
3. Connection.isReadOnly() returned false
17:48:35.649 [HikariPool-1 connection adder] INFO  log4jdbc.log4j2 -  com.zaxxer.hikari.pool.PoolBase.setupConnection(PoolBase.java:406)
3. Connection.getAutoCommit() returned true
17:48:35.678 [HikariPool-1 connection adder] INFO  log4jdbc.log4j2 -  com.zaxxer.hikari.util.DriverDataSource.getConnection(DriverDataSource.java:138)
4. Connection opened. {executed in 29ms} 
open connections:  1 2 3 4 (4)
17:48:35.678 [HikariPool-1 connection adder] INFO  log4jdbc.log4j2 -  com.zaxxer.hikari.util.DriverDataSource.getConnection(DriverDataSource.java:138)
4. Connection.new Connection returned 
17:48:35.678 [HikariPool-1 connection adder] INFO  log4jdbc.log4j2 -  com.zaxxer.hikari.pool.PoolBase.setupConnection(PoolBase.java:402)
4. Connection.isReadOnly() returned false
17:48:35.678 [HikariPool-1 connection adder] INFO  log4jdbc.log4j2 -  com.zaxxer.hikari.pool.PoolBase.setupConnection(PoolBase.java:406)
4. Connection.getAutoCommit() returned true
17:48:35.703 [HikariPool-1 connection adder] INFO  log4jdbc.log4j2 -  com.zaxxer.hikari.util.DriverDataSource.getConnection(DriverDataSource.java:138)
5. Connection opened. {executed in 24ms} 
open connections:  1 2 3 4 5 (5)
17:48:35.703 [HikariPool-1 connection adder] INFO  log4jdbc.log4j2 -  com.zaxxer.hikari.util.DriverDataSource.getConnection(DriverDataSource.java:138)
5. Connection.new Connection returned 
17:48:35.704 [HikariPool-1 connection adder] INFO  log4jdbc.log4j2 -  com.zaxxer.hikari.pool.PoolBase.setupConnection(PoolBase.java:402)
5. Connection.isReadOnly() returned false
17:48:35.704 [HikariPool-1 connection adder] INFO  log4jdbc.log4j2 -  com.zaxxer.hikari.pool.PoolBase.setupConnection(PoolBase.java:406)
5. Connection.getAutoCommit() returned true
17:48:35.725 [HikariPool-1 connection adder] INFO  log4jdbc.log4j2 -  com.zaxxer.hikari.util.DriverDataSource.getConnection(DriverDataSource.java:138)
6. Connection opened. {executed in 21ms} 
open connections:  1 2 3 4 5 6 (6)
17:48:35.725 [HikariPool-1 connection adder] INFO  log4jdbc.log4j2 -  com.zaxxer.hikari.util.DriverDataSource.getConnection(DriverDataSource.java:138)
6. Connection.new Connection returned 
17:48:35.725 [HikariPool-1 connection adder] INFO  log4jdbc.log4j2 -  com.zaxxer.hikari.pool.PoolBase.setupConnection(PoolBase.java:402)
6. Connection.isReadOnly() returned false
17:48:35.725 [HikariPool-1 connection adder] INFO  log4jdbc.log4j2 -  com.zaxxer.hikari.pool.PoolBase.setupConnection(PoolBase.java:406)
6. Connection.getAutoCommit() returned true
17:48:35.763 [HikariPool-1 connection adder] INFO  log4jdbc.log4j2 -  com.zaxxer.hikari.util.DriverDataSource.getConnection(DriverDataSource.java:138)
7. Connection opened. {executed in 31ms} 
open connections:  1 2 3 4 5 6 7 (7)
17:48:35.764 [HikariPool-1 connection adder] INFO  log4jdbc.log4j2 -  com.zaxxer.hikari.util.DriverDataSource.getConnection(DriverDataSource.java:138)
7. Connection.new Connection returned 
17:48:35.764 [HikariPool-1 connection adder] INFO  log4jdbc.log4j2 -  com.zaxxer.hikari.pool.PoolBase.setupConnection(PoolBase.java:402)
7. Connection.isReadOnly() returned false
17:48:35.764 [HikariPool-1 connection adder] INFO  log4jdbc.log4j2 -  com.zaxxer.hikari.pool.PoolBase.setupConnection(PoolBase.java:406)
7. Connection.getAutoCommit() returned true
17:48:35.803 [HikariPool-1 connection adder] INFO  log4jdbc.log4j2 -  com.zaxxer.hikari.util.DriverDataSource.getConnection(DriverDataSource.java:138)
8. Connection opened. {executed in 39ms} 
open connections:  1 2 3 4 5 6 7 8 (8)
17:48:35.804 [HikariPool-1 connection adder] INFO  log4jdbc.log4j2 -  com.zaxxer.hikari.util.DriverDataSource.getConnection(DriverDataSource.java:138)
8. Connection.new Connection returned 
17:48:35.804 [HikariPool-1 connection adder] INFO  log4jdbc.log4j2 -  com.zaxxer.hikari.pool.PoolBase.setupConnection(PoolBase.java:402)
8. Connection.isReadOnly() returned false
17:48:35.804 [HikariPool-1 connection adder] INFO  log4jdbc.log4j2 -  com.zaxxer.hikari.pool.PoolBase.setupConnection(PoolBase.java:406)
8. Connection.getAutoCommit() returned true
17:48:35.834 [HikariPool-1 connection adder] INFO  log4jdbc.log4j2 -  com.zaxxer.hikari.util.DriverDataSource.getConnection(DriverDataSource.java:138)
9. Connection opened. {executed in 30ms} 
open connections:  1 2 3 4 5 6 7 8 9 (9)
17:48:35.834 [HikariPool-1 connection adder] INFO  log4jdbc.log4j2 -  com.zaxxer.hikari.util.DriverDataSource.getConnection(DriverDataSource.java:138)
9. Connection.new Connection returned 
17:48:35.834 [HikariPool-1 connection adder] INFO  log4jdbc.log4j2 -  com.zaxxer.hikari.pool.PoolBase.setupConnection(PoolBase.java:402)
9. Connection.isReadOnly() returned false
17:48:35.835 [HikariPool-1 connection adder] INFO  log4jdbc.log4j2 -  com.zaxxer.hikari.pool.PoolBase.setupConnection(PoolBase.java:406)
9. Connection.getAutoCommit() returned true
17:48:35.855 [HikariPool-1 connection adder] INFO  log4jdbc.log4j2 -  com.zaxxer.hikari.util.DriverDataSource.getConnection(DriverDataSource.java:138)
10. Connection opened. {executed in 20ms} 
open connections:  1 2 3 4 5 6 7 8 9 10 (10)
17:48:35.855 [HikariPool-1 connection adder] INFO  log4jdbc.log4j2 -  com.zaxxer.hikari.util.DriverDataSource.getConnection(DriverDataSource.java:138)
10. Connection.new Connection returned 
17:48:35.855 [HikariPool-1 connection adder] INFO  log4jdbc.log4j2 -  com.zaxxer.hikari.pool.PoolBase.setupConnection(PoolBase.java:402)
10. Connection.isReadOnly() returned false
17:48:35.855 [HikariPool-1 connection adder] INFO  log4jdbc.log4j2 -  com.zaxxer.hikari.pool.PoolBase.setupConnection(PoolBase.java:406)
10. Connection.getAutoCommit() returned true
17:48:36.254 [main] INFO  kr.jungang.dive.user.service.UserServiceTests - assertNotNull Message: kr.jungang.dive.user.service.UserServiceImpl@478b0739
17:48:36.259 [main] INFO  kr.jungang.dive.user.service.UserServiceTests - check0
17:48:36.294 [main] INFO  log4jdbc.log4j2 -  com.zaxxer.hikari.pool.PoolBase.isConnectionAlive(PoolBase.java:161)
1. Connection.isValid(5) returned true
17:48:36.299 [main] INFO  log4jdbc.log4j2 -  com.zaxxer.hikari.pool.HikariProxyConnection.getAutoCommit(HikariProxyConnection.java:-1)
1. Connection.getAutoCommit() returned true
17:48:36.464 [main] INFO  log4jdbc.log4j2 -  com.zaxxer.hikari.pool.ProxyConnection.prepareStatement(ProxyConnection.java:337)
1. PreparedStatement.new PreparedStatement returned 
17:48:36.465 [main] INFO  log4jdbc.log4j2 -  com.zaxxer.hikari.pool.ProxyConnection.prepareStatement(ProxyConnection.java:337)
1. Connection.prepareStatement(SELECT seq_user.NEXTVAL FROM dual) returned net.sf.log4jdbc.sql.jdbcapi.PreparedStatementSpy@4e375bba
17:48:36.544 [main] INFO  log4jdbc.log4j2 -  com.zaxxer.hikari.pool.ProxyPreparedStatement.execute(ProxyPreparedStatement.java:44)
1. SELECT seq_user.NEXTVAL FROM dual  {executed in 74 ms}
17:48:36.545 [main] INFO  log4jdbc.log4j2 -  com.zaxxer.hikari.pool.ProxyPreparedStatement.execute(ProxyPreparedStatement.java:44)
1. PreparedStatement.execute() returned true
17:48:36.556 [main] INFO  log4jdbc.log4j2 -  com.zaxxer.hikari.pool.ProxyStatement.getResultSet(ProxyStatement.java:214)
1. ResultSet.new ResultSet returned 
17:48:36.557 [main] INFO  log4jdbc.log4j2 -  com.zaxxer.hikari.pool.ProxyStatement.getResultSet(ProxyStatement.java:214)
1. PreparedStatement.getResultSet() returned net.sf.log4jdbc.sql.jdbcapi.ResultSetSpy@58278366
17:48:36.567 [main] INFO  log4jdbc.log4j2 -  com.zaxxer.hikari.pool.HikariProxyResultSet.getMetaData(HikariProxyResultSet.java:-1)
1. ResultSet.getMetaData() returned oracle.jdbc.driver.OracleResultSetMetaData@25974207
17:48:36.569 [main] INFO  log4jdbc.log4j2 -  com.zaxxer.hikari.pool.HikariProxyResultSet.getType(HikariProxyResultSet.java:-1)
1. ResultSet.getType() returned 1003
17:48:36.570 [main] INFO  log4jdbc.log4j2 -  com.zaxxer.hikari.pool.HikariProxyResultSet.isClosed(HikariProxyResultSet.java:-1)
1. ResultSet.isClosed() returned false
17:48:36.571 [main] INFO  log4jdbc.log4j2 -  com.zaxxer.hikari.pool.HikariProxyResultSet.next(HikariProxyResultSet.java:-1)
1. ResultSet.next() returned true
17:48:36.575 [main] INFO  log4jdbc.log4j2 -  com.zaxxer.hikari.pool.HikariProxyResultSet.getLong(HikariProxyResultSet.java:-1)
1. ResultSet.getLong(NEXTVAL) returned 10
17:48:36.575 [main] INFO  log4jdbc.log4j2 -  com.zaxxer.hikari.pool.HikariProxyResultSet.isClosed(HikariProxyResultSet.java:-1)
1. ResultSet.isClosed() returned false
17:48:36.577 [main] INFO  log4jdbc.log4j2 - 
|--------|
|nextval |
|--------|
|10      |
|--------|

17:48:36.577 [main] INFO  log4jdbc.log4j2 -  com.zaxxer.hikari.pool.HikariProxyResultSet.next(HikariProxyResultSet.java:-1)
1. ResultSet.next() returned false
17:48:36.578 [main] INFO  log4jdbc.log4j2 -  com.zaxxer.hikari.pool.HikariProxyResultSet.close(HikariProxyResultSet.java:-1)
1. ResultSet.close() returned void
17:48:36.578 [main] INFO  log4jdbc.log4j2 -  com.zaxxer.hikari.pool.ProxyConnection.getMetaData(ProxyConnection.java:380)
1. Connection.getMetaData() returned oracle.jdbc.driver.OracleDatabaseMetaData@2dba05b1
17:48:36.582 [main] INFO  log4jdbc.log4j2 -  com.zaxxer.hikari.pool.ProxyStatement.close(ProxyStatement.java:76)
1. PreparedStatement.close() returned 
17:48:36.584 [main] INFO  log4jdbc.log4j2 -  com.zaxxer.hikari.pool.ProxyConnection.prepareStatement(ProxyConnection.java:337)
1. PreparedStatement.new PreparedStatement returned 
17:48:36.585 [main] INFO  log4jdbc.log4j2 -  com.zaxxer.hikari.pool.ProxyConnection.prepareStatement(ProxyConnection.java:337)
1. Connection.prepareStatement(INSERT INTO tbl_user (
							  user_num, id, password, name, sex, birthday,
		 					  address, phone, email
		 					  )
		
			 VALUES (
			  		 ?,?,?,?,
					 ?,?,?,
					 ?,?
					 )) returned net.sf.log4jdbc.sql.jdbcapi.PreparedStatementSpy@6ffd4c0d
17:48:36.587 [main] INFO  log4jdbc.log4j2 -  com.zaxxer.hikari.pool.HikariProxyPreparedStatement.setLong(HikariProxyPreparedStatement.java:-1)
1. PreparedStatement.setLong(1, 10) returned 
17:48:36.588 [main] INFO  log4jdbc.log4j2 -  com.zaxxer.hikari.pool.HikariProxyPreparedStatement.setString(HikariProxyPreparedStatement.java:-1)
1. PreparedStatement.setString(2, "joker") returned 
17:48:36.589 [main] INFO  log4jdbc.log4j2 -  com.zaxxer.hikari.pool.HikariProxyPreparedStatement.setString(HikariProxyPreparedStatement.java:-1)
1. PreparedStatement.setString(3, "joker") returned 
17:48:36.589 [main] INFO  log4jdbc.log4j2 -  com.zaxxer.hikari.pool.HikariProxyPreparedStatement.setString(HikariProxyPreparedStatement.java:-1)
1. PreparedStatement.setString(4, "a") returned 
17:48:36.589 [main] INFO  log4jdbc.log4j2 -  com.zaxxer.hikari.pool.HikariProxyPreparedStatement.setString(HikariProxyPreparedStatement.java:-1)
1. PreparedStatement.setString(5, "a") returned 
17:48:36.590 [main] INFO  log4jdbc.log4j2 -  com.zaxxer.hikari.pool.HikariProxyPreparedStatement.setString(HikariProxyPreparedStatement.java:-1)
1. PreparedStatement.setString(6, "123156") returned 
17:48:36.590 [main] INFO  log4jdbc.log4j2 -  com.zaxxer.hikari.pool.HikariProxyPreparedStatement.setString(HikariProxyPreparedStatement.java:-1)
1. PreparedStatement.setString(7, "a") returned 
17:48:36.590 [main] INFO  log4jdbc.log4j2 -  com.zaxxer.hikari.pool.HikariProxyPreparedStatement.setString(HikariProxyPreparedStatement.java:-1)
1. PreparedStatement.setString(8, "a") returned 
17:48:36.590 [main] INFO  log4jdbc.log4j2 -  com.zaxxer.hikari.pool.HikariProxyPreparedStatement.setString(HikariProxyPreparedStatement.java:-1)
1. PreparedStatement.setString(9, "a") returned 
17:48:36.592 [main] INFO  log4jdbc.log4j2 -  com.zaxxer.hikari.pool.ProxyPreparedStatement.execute(ProxyPreparedStatement.java:44)
1. INSERT INTO tbl_user ( user_num, id, password, name, sex, birthday, address, phone, email ) 
VALUES ( 10,'joker','joker','a', 'a','123156','a', 'a','a' )  {executed in 1 ms}
17:48:36.593 [main] INFO  log4jdbc.log4j2 -  com.zaxxer.hikari.pool.ProxyPreparedStatement.execute(ProxyPreparedStatement.java:44)
1. PreparedStatement.execute() returned false
17:48:36.594 [main] INFO  log4jdbc.log4j2 -  com.zaxxer.hikari.pool.HikariProxyPreparedStatement.getUpdateCount(HikariProxyPreparedStatement.java:-1)
1. PreparedStatement.getUpdateCount() returned 1
17:48:36.594 [main] INFO  log4jdbc.log4j2 -  com.zaxxer.hikari.pool.ProxyStatement.close(ProxyStatement.java:76)
1. PreparedStatement.close() returned 
17:48:36.601 [main] INFO  log4jdbc.log4j2 -  com.zaxxer.hikari.pool.ProxyConnection.close(ProxyConnection.java:267)
1. Connection.clearWarnings() returned 
17:48:36.601 [main] INFO  log4jdbc.log4j2 -  com.zaxxer.hikari.pool.HikariProxyConnection.getAutoCommit(HikariProxyConnection.java:-1)
1. Connection.getAutoCommit() returned true
17:48:36.602 [main] INFO  log4jdbc.log4j2 -  com.zaxxer.hikari.pool.ProxyConnection.prepareStatement(ProxyConnection.java:337)
1. PreparedStatement.new PreparedStatement returned 
17:48:36.602 [main] INFO  log4jdbc.log4j2 -  com.zaxxer.hikari.pool.ProxyConnection.prepareStatement(ProxyConnection.java:337)
1. Connection.prepareStatement(INSERT INTO tbl_authorities (user_num, authority)
		VALUES (?,?)) returned net.sf.log4jdbc.sql.jdbcapi.PreparedStatementSpy@1129829c
17:48:36.602 [main] INFO  log4jdbc.log4j2 -  com.zaxxer.hikari.pool.HikariProxyPreparedStatement.setLong(HikariProxyPreparedStatement.java:-1)
1. PreparedStatement.setLong(1, 10) returned 
17:48:36.602 [main] INFO  log4jdbc.log4j2 -  com.zaxxer.hikari.pool.HikariProxyPreparedStatement.setString(HikariProxyPreparedStatement.java:-1)
1. PreparedStatement.setString(2, "ROLE_MEMBER") returned 
17:48:36.604 [main] INFO  log4jdbc.log4j2 -  com.zaxxer.hikari.pool.ProxyPreparedStatement.execute(ProxyPreparedStatement.java:44)
1. INSERT INTO tbl_authorities (user_num, authority) VALUES (10,'ROLE_MEMBER')  {executed in 1 ms}
17:48:36.604 [main] INFO  log4jdbc.log4j2 -  com.zaxxer.hikari.pool.ProxyPreparedStatement.execute(ProxyPreparedStatement.java:44)
1. PreparedStatement.execute() returned false
17:48:36.604 [main] INFO  log4jdbc.log4j2 -  com.zaxxer.hikari.pool.HikariProxyPreparedStatement.getUpdateCount(HikariProxyPreparedStatement.java:-1)
1. PreparedStatement.getUpdateCount() returned 1
17:48:36.605 [main] INFO  log4jdbc.log4j2 -  com.zaxxer.hikari.pool.ProxyStatement.close(ProxyStatement.java:76)
1. PreparedStatement.close() returned 
17:48:36.605 [main] INFO  log4jdbc.log4j2 -  com.zaxxer.hikari.pool.ProxyConnection.close(ProxyConnection.java:267)
1. Connection.clearWarnings() returned 
17:48:36.606 [main] INFO  kr.jungang.dive.user.service.UserServiceTests - success!10
17:48:36.607 [main] INFO  log4jdbc.log4j2 -  com.zaxxer.hikari.pool.HikariProxyConnection.getAutoCommit(HikariProxyConnection.java:-1)
1. Connection.getAutoCommit() returned true
17:48:36.607 [main] INFO  log4jdbc.log4j2 -  com.zaxxer.hikari.pool.ProxyConnection.prepareStatement(ProxyConnection.java:337)
1. PreparedStatement.new PreparedStatement returned 
17:48:36.608 [main] INFO  log4jdbc.log4j2 -  com.zaxxer.hikari.pool.ProxyConnection.prepareStatement(ProxyConnection.java:337)
1. Connection.prepareStatement(SELECT u.user_num, u.id, u.password, u.name, u.sex, u.birthday, u.address, u.phone, u.email, a.*
  		  FROM tbl_user u left outer join tbl_authorities a on u.user_num = a.user_num
		 WHERE u.id = ?) returned net.sf.log4jdbc.sql.jdbcapi.PreparedStatementSpy@1a531422
17:48:36.608 [main] INFO  log4jdbc.log4j2 -  com.zaxxer.hikari.pool.HikariProxyPreparedStatement.setString(HikariProxyPreparedStatement.java:-1)
1. PreparedStatement.setString(1, "a") returned 
17:48:36.620 [main] INFO  log4jdbc.log4j2 -  com.zaxxer.hikari.pool.ProxyPreparedStatement.execute(ProxyPreparedStatement.java:44)
1. SELECT u.user_num, u.id, u.password, u.name, u.sex, u.birthday, u.address, u.phone, u.email, 
a.* FROM tbl_user u left outer join tbl_authorities a on u.user_num = a.user_num WHERE u.id 
= 'a'  {executed in 12 ms}
17:48:36.621 [main] INFO  log4jdbc.log4j2 -  com.zaxxer.hikari.pool.ProxyPreparedStatement.execute(ProxyPreparedStatement.java:44)
1. PreparedStatement.execute() returned true
17:48:36.621 [main] INFO  log4jdbc.log4j2 -  com.zaxxer.hikari.pool.ProxyStatement.getResultSet(ProxyStatement.java:214)
1. ResultSet.new ResultSet returned 
17:48:36.621 [main] INFO  log4jdbc.log4j2 -  com.zaxxer.hikari.pool.ProxyStatement.getResultSet(ProxyStatement.java:214)
1. PreparedStatement.getResultSet() returned net.sf.log4jdbc.sql.jdbcapi.ResultSetSpy@4026461d
17:48:36.622 [main] INFO  log4jdbc.log4j2 -  com.zaxxer.hikari.pool.HikariProxyResultSet.getMetaData(HikariProxyResultSet.java:-1)
1. ResultSet.getMetaData() returned oracle.jdbc.driver.OracleResultSetMetaData@191c6e13
17:48:36.622 [main] INFO  log4jdbc.log4j2 -  com.zaxxer.hikari.pool.HikariProxyResultSet.getType(HikariProxyResultSet.java:-1)
1. ResultSet.getType() returned 1003
17:48:36.622 [main] INFO  log4jdbc.log4j2 -  com.zaxxer.hikari.pool.HikariProxyResultSet.isClosed(HikariProxyResultSet.java:-1)
1. ResultSet.isClosed() returned false
17:48:36.623 [main] INFO  log4jdbc.log4j2 -  com.zaxxer.hikari.pool.HikariProxyResultSet.next(HikariProxyResultSet.java:-1)
1. ResultSet.next() returned true
17:48:36.623 [main] INFO  log4jdbc.log4j2 -  com.zaxxer.hikari.pool.HikariProxyResultSet.getLong(HikariProxyResultSet.java:-1)
1. ResultSet.getLong(user_num) returned 2
17:48:36.624 [main] INFO  log4jdbc.log4j2 -  com.zaxxer.hikari.pool.HikariProxyResultSet.getLong(HikariProxyResultSet.java:-1)
1. ResultSet.getLong(user_num) returned 2
17:48:36.624 [main] INFO  log4jdbc.log4j2 -  com.zaxxer.hikari.pool.HikariProxyResultSet.getString(HikariProxyResultSet.java:-1)
1. ResultSet.getString(id) returned a
17:48:36.624 [main] INFO  log4jdbc.log4j2 -  com.zaxxer.hikari.pool.HikariProxyResultSet.getString(HikariProxyResultSet.java:-1)
1. ResultSet.getString(password) returned $2a$10$QKGgiBi..1n16cnsWfxJFuB/Q.nUvsl6i7gicmbp7/b4YJI0Ogj4q
17:48:36.624 [main] INFO  log4jdbc.log4j2 -  com.zaxxer.hikari.pool.HikariProxyResultSet.getString(HikariProxyResultSet.java:-1)
1. ResultSet.getString(name) returned a
17:48:36.625 [main] INFO  log4jdbc.log4j2 -  com.zaxxer.hikari.pool.HikariProxyResultSet.getString(HikariProxyResultSet.java:-1)
1. ResultSet.getString(sex) returned F
17:48:36.625 [main] INFO  log4jdbc.log4j2 -  com.zaxxer.hikari.pool.HikariProxyResultSet.getString(HikariProxyResultSet.java:-1)
1. ResultSet.getString(birthday) returned a
17:48:36.625 [main] INFO  log4jdbc.log4j2 -  com.zaxxer.hikari.pool.HikariProxyResultSet.getString(HikariProxyResultSet.java:-1)
1. ResultSet.getString(address) returned aa
17:48:36.625 [main] INFO  log4jdbc.log4j2 -  com.zaxxer.hikari.pool.HikariProxyResultSet.getString(HikariProxyResultSet.java:-1)
1. ResultSet.getString(phone) returned a
17:48:36.625 [main] INFO  log4jdbc.log4j2 -  com.zaxxer.hikari.pool.HikariProxyResultSet.getString(HikariProxyResultSet.java:-1)
1. ResultSet.getString(email) returned a
17:48:36.626 [main] INFO  log4jdbc.log4j2 -  com.zaxxer.hikari.pool.HikariProxyResultSet.getLong(HikariProxyResultSet.java:-1)
1. ResultSet.getLong(user_num) returned 2
17:48:36.626 [main] INFO  log4jdbc.log4j2 -  com.zaxxer.hikari.pool.HikariProxyResultSet.getString(HikariProxyResultSet.java:-1)
1. ResultSet.getString(authority) returned ROLE_MEMBER
17:48:36.626 [main] INFO  log4jdbc.log4j2 -  com.zaxxer.hikari.pool.HikariProxyResultSet.getLong(HikariProxyResultSet.java:-1)
1. ResultSet.getLong(user_num) returned 2
17:48:36.627 [main] INFO  log4jdbc.log4j2 -  com.zaxxer.hikari.pool.HikariProxyResultSet.getString(HikariProxyResultSet.java:-1)
1. ResultSet.getString(authority) returned ROLE_MEMBER
17:48:36.628 [main] INFO  log4jdbc.log4j2 -  com.zaxxer.hikari.pool.HikariProxyResultSet.isClosed(HikariProxyResultSet.java:-1)
1. ResultSet.isClosed() returned false
17:48:36.630 [main] INFO  log4jdbc.log4j2 - 
|---------|---|-------------------------------------------------------------|-----|----|---------|--------|------|------|---------|------------|
|user_num |id |password                                                     |name |sex |birthday |address |phone |email |user_num |authority   |
|---------|---|-------------------------------------------------------------|-----|----|---------|--------|------|------|---------|------------|
|2        |a  |$2a$10$QKGgiBi..1n16cnsWfxJFuB/Q.nUvsl6i7gicmbp7/b4YJI0Ogj4q |a    |F   |a        |aa      |a     |a     |2        |ROLE_MEMBER |
|---------|---|-------------------------------------------------------------|-----|----|---------|--------|------|------|---------|------------|

17:48:36.630 [main] INFO  log4jdbc.log4j2 -  com.zaxxer.hikari.pool.HikariProxyResultSet.next(HikariProxyResultSet.java:-1)
1. ResultSet.next() returned false
17:48:36.631 [main] INFO  log4jdbc.log4j2 -  com.zaxxer.hikari.pool.HikariProxyResultSet.close(HikariProxyResultSet.java:-1)
1. ResultSet.close() returned void
17:48:36.632 [main] INFO  log4jdbc.log4j2 -  com.zaxxer.hikari.pool.ProxyConnection.getMetaData(ProxyConnection.java:380)
1. Connection.getMetaData() returned oracle.jdbc.driver.OracleDatabaseMetaData@2dba05b1
17:48:36.632 [main] INFO  log4jdbc.log4j2 -  com.zaxxer.hikari.pool.ProxyStatement.close(ProxyStatement.java:76)
1. PreparedStatement.close() returned 
17:48:36.633 [main] INFO  log4jdbc.log4j2 -  com.zaxxer.hikari.pool.ProxyConnection.close(ProxyConnection.java:267)
1. Connection.clearWarnings() returned 
17:48:36.633 [main] INFO  kr.jungang.dive.user.service.UserServiceTests - UserDTO(userNum=2, id=a, password=$2a$10$QKGgiBi..1n16cnsWfxJFuB/Q.nUvsl6i7gicmbp7/b4YJI0Ogj4q, name=a, sex=F, birthday=a, address=aa, phone=a, email=a, regDate=null, updateDate=null, enabled=false, authorityList=[AuthorityVO(userNum=2, authority=ROLE_MEMBER)])
17:48:36.635 [main] INFO  log4jdbc.log4j2 -  com.zaxxer.hikari.pool.HikariProxyConnection.getAutoCommit(HikariProxyConnection.java:-1)
1. Connection.getAutoCommit() returned true
17:48:36.635 [main] INFO  log4jdbc.log4j2 -  com.zaxxer.hikari.pool.ProxyConnection.prepareStatement(ProxyConnection.java:337)
1. PreparedStatement.new PreparedStatement returned 
17:48:36.635 [main] INFO  log4jdbc.log4j2 -  com.zaxxer.hikari.pool.ProxyConnection.prepareStatement(ProxyConnection.java:337)
1. Connection.prepareStatement(DELETE
		  FROM tbl_user
		 WHERE id = ?) returned net.sf.log4jdbc.sql.jdbcapi.PreparedStatementSpy@740a0d5e
17:48:36.636 [main] INFO  log4jdbc.log4j2 -  com.zaxxer.hikari.pool.HikariProxyPreparedStatement.setString(HikariProxyPreparedStatement.java:-1)
1. PreparedStatement.setString(1, "xx") returned 
17:48:36.963 [main] ERROR log4jdbc.log4j2 -  com.zaxxer.hikari.pool.ProxyPreparedStatement.execute(ProxyPreparedStatement.java:44)
1. DELETE FROM tbl_user WHERE id = 'xx'  {FAILED after 325 ms}
java.sql.SQLIntegrityConstraintViolationException: ORA-02292: 무결성 제약조건(SCOTT.FK_AUTHORITIES)이 위배되었습니다- 자식 레코드가 발견되었습니다

	at oracle.jdbc.driver.T4CTTIoer11.processError(T4CTTIoer11.java:494) ~[ojdbc8.jar:18.3.0.0.0]
	at oracle.jdbc.driver.T4CTTIoer11.processError(T4CTTIoer11.java:446) ~[ojdbc8.jar:18.3.0.0.0]
	at oracle.jdbc.driver.T4C8Oall.processError(T4C8Oall.java:1052) ~[ojdbc8.jar:18.3.0.0.0]
	at oracle.jdbc.driver.T4CTTIfun.receive(T4CTTIfun.java:537) ~[ojdbc8.jar:18.3.0.0.0]
	at oracle.jdbc.driver.T4CTTIfun.doRPC(T4CTTIfun.java:255) ~[ojdbc8.jar:18.3.0.0.0]
	at oracle.jdbc.driver.T4C8Oall.doOALL(T4C8Oall.java:610) ~[ojdbc8.jar:18.3.0.0.0]
	at oracle.jdbc.driver.T4CPreparedStatement.doOall8(T4CPreparedStatement.java:253) ~[ojdbc8.jar:18.3.0.0.0]
	at oracle.jdbc.driver.T4CPreparedStatement.doOall8(T4CPreparedStatement.java:86) ~[ojdbc8.jar:18.3.0.0.0]
	at oracle.jdbc.driver.T4CPreparedStatement.executeForRows(T4CPreparedStatement.java:928) ~[ojdbc8.jar:18.3.0.0.0]
	at oracle.jdbc.driver.OracleStatement.doExecuteWithTimeout(OracleStatement.java:1136) ~[ojdbc8.jar:18.3.0.0.0]
	at oracle.jdbc.driver.OraclePreparedStatement.executeInternal(OraclePreparedStatement.java:3640) ~[ojdbc8.jar:18.3.0.0.0]
	at oracle.jdbc.driver.T4CPreparedStatement.executeInternal(T4CPreparedStatement.java:1384) ~[ojdbc8.jar:18.3.0.0.0]
	at oracle.jdbc.driver.OraclePreparedStatement.execute(OraclePreparedStatement.java:3752) ~[ojdbc8.jar:18.3.0.0.0]
	at oracle.jdbc.driver.OraclePreparedStatementWrapper.execute(OraclePreparedStatementWrapper.java:1079) ~[ojdbc8.jar:18.3.0.0.0]
	at net.sf.log4jdbc.sql.jdbcapi.PreparedStatementSpy.execute(PreparedStatementSpy.java:443) [log4jdbc-log4j2-jdbc4.1-1.16.jar:?]
	at com.zaxxer.hikari.pool.ProxyPreparedStatement.execute(ProxyPreparedStatement.java:44) [HikariCP-3.4.5.jar:?]
	at com.zaxxer.hikari.pool.HikariProxyPreparedStatement.execute(HikariProxyPreparedStatement.java) [HikariCP-3.4.5.jar:?]
	at org.apache.ibatis.executor.statement.PreparedStatementHandler.update(PreparedStatementHandler.java:47) [mybatis-3.5.3.jar:3.5.3]
	at org.apache.ibatis.executor.statement.RoutingStatementHandler.update(RoutingStatementHandler.java:74) [mybatis-3.5.3.jar:3.5.3]
	at org.apache.ibatis.executor.SimpleExecutor.doUpdate(SimpleExecutor.java:50) [mybatis-3.5.3.jar:3.5.3]
	at org.apache.ibatis.executor.BaseExecutor.update(BaseExecutor.java:117) [mybatis-3.5.3.jar:3.5.3]
	at org.apache.ibatis.executor.CachingExecutor.update(CachingExecutor.java:76) [mybatis-3.5.3.jar:3.5.3]
	at org.apache.ibatis.session.defaults.DefaultSqlSession.update(DefaultSqlSession.java:197) [mybatis-3.5.3.jar:3.5.3]
	at org.apache.ibatis.session.defaults.DefaultSqlSession.delete(DefaultSqlSession.java:212) [mybatis-3.5.3.jar:3.5.3]
	at jdk.internal.reflect.NativeMethodAccessorImpl.invoke0(Native Method) ~[?:?]
	at jdk.internal.reflect.NativeMethodAccessorImpl.invoke(NativeMethodAccessorImpl.java:62) ~[?:?]
	at jdk.internal.reflect.DelegatingMethodAccessorImpl.invoke(DelegatingMethodAccessorImpl.java:43) ~[?:?]
	at java.lang.reflect.Method.invoke(Method.java:566) ~[?:?]
	at org.mybatis.spring.SqlSessionTemplate$SqlSessionInterceptor.invoke(SqlSessionTemplate.java:426) [mybatis-spring-2.0.3.jar:2.0.3]
	at com.sun.proxy.$Proxy43.delete(Unknown Source) [?:?]
	at org.mybatis.spring.SqlSessionTemplate.delete(SqlSessionTemplate.java:303) [mybatis-spring-2.0.3.jar:2.0.3]
	at org.apache.ibatis.binding.MapperMethod.execute(MapperMethod.java:72) [mybatis-3.5.3.jar:3.5.3]
	at org.apache.ibatis.binding.MapperProxy.invoke(MapperProxy.java:93) [mybatis-3.5.3.jar:3.5.3]
	at com.sun.proxy.$Proxy44.deleteUser(Unknown Source) [?:?]
	at kr.jungang.dive.user.service.UserServiceImpl.deleteUser(UserServiceImpl.java:43) [classes/:?]
	at kr.jungang.dive.user.service.UserServiceTests.test_05_deleteUserService(UserServiceTests.java:71) [test-classes/:?]
	at jdk.internal.reflect.NativeMethodAccessorImpl.invoke0(Native Method) ~[?:?]
	at jdk.internal.reflect.NativeMethodAccessorImpl.invoke(NativeMethodAccessorImpl.java:62) ~[?:?]
	at jdk.internal.reflect.DelegatingMethodAccessorImpl.invoke(DelegatingMethodAccessorImpl.java:43) ~[?:?]
	at java.lang.reflect.Method.invoke(Method.java:566) ~[?:?]
	at org.junit.runners.model.FrameworkMethod$1.runReflectiveCall(FrameworkMethod.java:50) [junit-4.12.jar:4.12]
	at org.junit.internal.runners.model.ReflectiveCallable.run(ReflectiveCallable.java:12) [junit-4.12.jar:4.12]
	at org.junit.runners.model.FrameworkMethod.invokeExplosively(FrameworkMethod.java:47) [junit-4.12.jar:4.12]
	at org.junit.internal.runners.statements.InvokeMethod.evaluate(InvokeMethod.java:17) [junit-4.12.jar:4.12]
	at org.springframework.test.context.junit4.statements.RunBeforeTestExecutionCallbacks.evaluate(RunBeforeTestExecutionCallbacks.java:74) [spring-test-5.2.5.RELEASE.jar:5.2.5.RELEASE]
	at org.springframework.test.context.junit4.statements.RunAfterTestExecutionCallbacks.evaluate(RunAfterTestExecutionCallbacks.java:84) [spring-test-5.2.5.RELEASE.jar:5.2.5.RELEASE]
	at org.springframework.test.context.junit4.statements.RunBeforeTestMethodCallbacks.evaluate(RunBeforeTestMethodCallbacks.java:75) [spring-test-5.2.5.RELEASE.jar:5.2.5.RELEASE]
	at org.springframework.test.context.junit4.statements.RunAfterTestMethodCallbacks.evaluate(RunAfterTestMethodCallbacks.java:86) [spring-test-5.2.5.RELEASE.jar:5.2.5.RELEASE]
	at org.springframework.test.context.junit4.statements.SpringRepeat.evaluate(SpringRepeat.java:84) [spring-test-5.2.5.RELEASE.jar:5.2.5.RELEASE]
	at org.junit.runners.ParentRunner.runLeaf(ParentRunner.java:325) [junit-4.12.jar:4.12]
	at org.springframework.test.context.junit4.SpringJUnit4ClassRunner.runChild(SpringJUnit4ClassRunner.java:251) [spring-test-5.2.5.RELEASE.jar:5.2.5.RELEASE]
	at org.springframework.test.context.junit4.SpringJUnit4ClassRunner.runChild(SpringJUnit4ClassRunner.java:97) [spring-test-5.2.5.RELEASE.jar:5.2.5.RELEASE]
	at org.junit.runners.ParentRunner$3.run(ParentRunner.java:290) [junit-4.12.jar:4.12]
	at org.junit.runners.ParentRunner$1.schedule(ParentRunner.java:71) [junit-4.12.jar:4.12]
	at org.junit.runners.ParentRunner.runChildren(ParentRunner.java:288) [junit-4.12.jar:4.12]
	at org.junit.runners.ParentRunner.access$000(ParentRunner.java:58) [junit-4.12.jar:4.12]
	at org.junit.runners.ParentRunner$2.evaluate(ParentRunner.java:268) [junit-4.12.jar:4.12]
	at org.springframework.test.context.junit4.statements.RunBeforeTestClassCallbacks.evaluate(RunBeforeTestClassCallbacks.java:61) [spring-test-5.2.5.RELEASE.jar:5.2.5.RELEASE]
	at org.springframework.test.context.junit4.statements.RunAfterTestClassCallbacks.evaluate(RunAfterTestClassCallbacks.java:70) [spring-test-5.2.5.RELEASE.jar:5.2.5.RELEASE]
	at org.junit.runners.ParentRunner.run(ParentRunner.java:363) [junit-4.12.jar:4.12]
	at org.springframework.test.context.junit4.SpringJUnit4ClassRunner.run(SpringJUnit4ClassRunner.java:190) [spring-test-5.2.5.RELEASE.jar:5.2.5.RELEASE]
	at org.eclipse.jdt.internal.junit4.runner.JUnit4TestReference.run(JUnit4TestReference.java:89) [.cp/:?]
	at org.eclipse.jdt.internal.junit.runner.TestExecution.run(TestExecution.java:41) [.cp/:?]
	at org.eclipse.jdt.internal.junit.runner.RemoteTestRunner.runTests(RemoteTestRunner.java:541) [.cp/:?]
	at org.eclipse.jdt.internal.junit.runner.RemoteTestRunner.runTests(RemoteTestRunner.java:763) [.cp/:?]
	at org.eclipse.jdt.internal.junit.runner.RemoteTestRunner.run(RemoteTestRunner.java:463) [.cp/:?]
	at org.eclipse.jdt.internal.junit.runner.RemoteTestRunner.main(RemoteTestRunner.java:209) [.cp/:?]
Caused by: oracle.jdbc.OracleDatabaseException: ORA-02292: 무결성 제약조건(SCOTT.FK_AUTHORITIES)이 위배되었습니다- 자식 레코드가 발견되었습니다

	at oracle.jdbc.driver.T4CTTIoer11.processError(T4CTTIoer11.java:498) ~[ojdbc8.jar:18.3.0.0.0]
	... 66 more
17:48:36.977 [main] INFO  log4jdbc.log4j2 -  com.zaxxer.hikari.pool.ProxyStatement.close(ProxyStatement.java:76)
1. PreparedStatement.close() returned 
17:48:36.979 [main] INFO  log4jdbc.log4j2 -  com.zaxxer.hikari.pool.ProxyConnection.close(ProxyConnection.java:267)
1. Connection.clearWarnings() returned 
17:48:37.016 [main] INFO  log4jdbc.log4j2 -  com.zaxxer.hikari.pool.ProxyConnection.getMetaData(ProxyConnection.java:380)
1. Connection.getMetaData() returned oracle.jdbc.driver.OracleDatabaseMetaData@2dba05b1
17:48:37.017 [main] INFO  log4jdbc.log4j2 -  com.zaxxer.hikari.pool.ProxyConnection.close(ProxyConnection.java:267)
1. Connection.clearWarnings() returned 
17:48:37.068 [HikariPool-1 connection closer] INFO  log4jdbc.log4j2 -  com.zaxxer.hikari.pool.PoolBase.quietlyCloseConnection(PoolBase.java:143)
1. Connection closed. {executed in 4ms} 
open connections:  2 3 4 5 6 7 8 9 10 (9)
17:48:37.069 [HikariPool-1 connection closer] INFO  log4jdbc.log4j2 -  com.zaxxer.hikari.pool.PoolBase.quietlyCloseConnection(PoolBase.java:143)
1. Connection.close() returned 
17:48:37.113 [HikariPool-1 connection closer] INFO  log4jdbc.log4j2 -  com.zaxxer.hikari.pool.PoolBase.quietlyCloseConnection(PoolBase.java:143)
2. Connection closed. {executed in 44ms} 
open connections:  3 4 5 6 7 8 9 10 (8)
17:48:37.114 [HikariPool-1 connection closer] INFO  log4jdbc.log4j2 -  com.zaxxer.hikari.pool.PoolBase.quietlyCloseConnection(PoolBase.java:143)
2. Connection.close() returned 
17:48:37.155 [HikariPool-1 connection closer] INFO  log4jdbc.log4j2 -  com.zaxxer.hikari.pool.PoolBase.quietlyCloseConnection(PoolBase.java:143)
3. Connection closed. {executed in 40ms} 
open connections:  4 5 6 7 8 9 10 (7)
17:48:37.155 [HikariPool-1 connection closer] INFO  log4jdbc.log4j2 -  com.zaxxer.hikari.pool.PoolBase.quietlyCloseConnection(PoolBase.java:143)
3. Connection.close() returned 
17:48:37.171 [HikariPool-1 connection closer] INFO  log4jdbc.log4j2 -  com.zaxxer.hikari.pool.PoolBase.quietlyCloseConnection(PoolBase.java:143)
4. Connection closed. {executed in 16ms} 
open connections:  5 6 7 8 9 10 (6)
17:48:37.171 [HikariPool-1 connection closer] INFO  log4jdbc.log4j2 -  com.zaxxer.hikari.pool.PoolBase.quietlyCloseConnection(PoolBase.java:143)
4. Connection.close() returned 
17:48:37.188 [HikariPool-1 connection closer] INFO  log4jdbc.log4j2 -  com.zaxxer.hikari.pool.PoolBase.quietlyCloseConnection(PoolBase.java:143)
5. Connection closed. {executed in 17ms} 
open connections:  6 7 8 9 10 (5)
17:48:37.188 [HikariPool-1 connection closer] INFO  log4jdbc.log4j2 -  com.zaxxer.hikari.pool.PoolBase.quietlyCloseConnection(PoolBase.java:143)
5. Connection.close() returned 
17:48:37.230 [HikariPool-1 connection closer] INFO  log4jdbc.log4j2 -  com.zaxxer.hikari.pool.PoolBase.quietlyCloseConnection(PoolBase.java:143)
6. Connection closed. {executed in 41ms} 
open connections:  7 8 9 10 (4)
17:48:37.231 [HikariPool-1 connection closer] INFO  log4jdbc.log4j2 -  com.zaxxer.hikari.pool.PoolBase.quietlyCloseConnection(PoolBase.java:143)
6. Connection.close() returned 
17:48:37.263 [HikariPool-1 connection closer] INFO  log4jdbc.log4j2 -  com.zaxxer.hikari.pool.PoolBase.quietlyCloseConnection(PoolBase.java:143)
7. Connection closed. {executed in 32ms} 
open connections:  8 9 10 (3)
17:48:37.263 [HikariPool-1 connection closer] INFO  log4jdbc.log4j2 -  com.zaxxer.hikari.pool.PoolBase.quietlyCloseConnection(PoolBase.java:143)
7. Connection.close() returned 
17:48:37.280 [HikariPool-1 connection closer] INFO  log4jdbc.log4j2 -  com.zaxxer.hikari.pool.PoolBase.quietlyCloseConnection(PoolBase.java:143)
8. Connection closed. {executed in 17ms} 
open connections:  9 10 (2)
17:48:37.280 [HikariPool-1 connection closer] INFO  log4jdbc.log4j2 -  com.zaxxer.hikari.pool.PoolBase.quietlyCloseConnection(PoolBase.java:143)
8. Connection.close() returned 
17:48:37.297 [HikariPool-1 connection closer] INFO  log4jdbc.log4j2 -  com.zaxxer.hikari.pool.PoolBase.quietlyCloseConnection(PoolBase.java:143)
9. Connection closed. {executed in 17ms} 
open connections:  10 (1)
17:48:37.297 [HikariPool-1 connection closer] INFO  log4jdbc.log4j2 -  com.zaxxer.hikari.pool.PoolBase.quietlyCloseConnection(PoolBase.java:143)
9. Connection.close() returned 
17:48:37.339 [HikariPool-1 connection closer] INFO  log4jdbc.log4j2 -  com.zaxxer.hikari.pool.PoolBase.quietlyCloseConnection(PoolBase.java:143)
10. Connection closed. {executed in 42ms} 
open connections:  none
17:48:37.340 [HikariPool-1 connection closer] INFO  log4jdbc.log4j2 -  com.zaxxer.hikari.pool.PoolBase.quietlyCloseConnection(PoolBase.java:143)
10. Connection.close() returned 
